{"C:\\Users\\Lenovo\\Desktop\\pw\\script.js": {"path":"C:\\Users\\Lenovo\\Desktop\\pw\\script.js","statementMap":{"0":{"start":{"line":10,"column":23},"end":{"line":10,"column":64}},"1":{"start":{"line":11,"column":22},"end":{"line":11,"column":63}},"2":{"start":{"line":17,"column":21},"end":{"line":17,"column":109}},"3":{"start":{"line":18,"column":19},"end":{"line":18,"column":115}},"4":{"start":{"line":19,"column":20},"end":{"line":19,"column":25}},"5":{"start":{"line":20,"column":12},"end":{"line":20,"column":13}},"6":{"start":{"line":21,"column":14},"end":{"line":21,"column":15}},"7":{"start":{"line":28,"column":18},"end":{"line":28,"column":89}},"8":{"start":{"line":29,"column":18},"end":{"line":29,"column":89}},"9":{"start":{"line":30,"column":15},"end":{"line":30,"column":43}},"10":{"start":{"line":31,"column":2},"end":{"line":31,"column":44}},"11":{"start":{"line":41,"column":14},"end":{"line":48,"column":3}},"12":{"start":{"line":49,"column":14},"end":{"line":49,"column":26}},"13":{"start":{"line":50,"column":2},"end":{"line":50,"column":49}},"14":{"start":{"line":50,"column":37},"end":{"line":50,"column":47}},"15":{"start":{"line":61,"column":2},"end":{"line":61,"column":73}},"16":{"start":{"line":61,"column":43},"end":{"line":61,"column":73}},"17":{"start":{"line":63,"column":2},"end":{"line":65,"column":3}},"18":{"start":{"line":64,"column":4},"end":{"line":64,"column":46}},"19":{"start":{"line":67,"column":19},"end":{"line":67,"column":131}},"20":{"start":{"line":69,"column":23},"end":{"line":71,"column":108}},"21":{"start":{"line":73,"column":2},"end":{"line":90,"column":3}},"22":{"start":{"line":74,"column":21},"end":{"line":81,"column":6}},"23":{"start":{"line":83,"column":4},"end":{"line":83,"column":87}},"24":{"start":{"line":83,"column":22},"end":{"line":83,"column":87}},"25":{"start":{"line":85,"column":17},"end":{"line":85,"column":38}},"26":{"start":{"line":86,"column":4},"end":{"line":86,"column":85}},"27":{"start":{"line":88,"column":4},"end":{"line":88,"column":46}},"28":{"start":{"line":89,"column":4},"end":{"line":89,"column":46}},"29":{"start":{"line":94,"column":21},"end":{"line":94,"column":40}},"30":{"start":{"line":95,"column":2},"end":{"line":95,"column":102}},"31":{"start":{"line":95,"column":83},"end":{"line":95,"column":102}},"32":{"start":{"line":96,"column":2},"end":{"line":96,"column":120}},"33":{"start":{"line":96,"column":100},"end":{"line":96,"column":120}},"34":{"start":{"line":97,"column":2},"end":{"line":97,"column":116}},"35":{"start":{"line":97,"column":98},"end":{"line":97,"column":116}},"36":{"start":{"line":98,"column":2},"end":{"line":98,"column":115}},"37":{"start":{"line":98,"column":95},"end":{"line":98,"column":115}},"38":{"start":{"line":99,"column":2},"end":{"line":99,"column":105}},"39":{"start":{"line":99,"column":89},"end":{"line":99,"column":105}},"40":{"start":{"line":100,"column":2},"end":{"line":100,"column":104}},"41":{"start":{"line":100,"column":84},"end":{"line":100,"column":104}},"42":{"start":{"line":101,"column":2},"end":{"line":101,"column":112}},"43":{"start":{"line":101,"column":94},"end":{"line":101,"column":112}},"44":{"start":{"line":102,"column":2},"end":{"line":102,"column":21}},"45":{"start":{"line":105,"column":0},"end":{"line":115,"column":1}},"46":{"start":{"line":106,"column":2},"end":{"line":114,"column":5}},"47":{"start":{"line":107,"column":4},"end":{"line":107,"column":24}},"48":{"start":{"line":108,"column":4},"end":{"line":108,"column":22}},"49":{"start":{"line":109,"column":4},"end":{"line":109,"column":14}},"50":{"start":{"line":110,"column":4},"end":{"line":110,"column":19}},"51":{"start":{"line":111,"column":4},"end":{"line":111,"column":16}},"52":{"start":{"line":112,"column":4},"end":{"line":112,"column":17}},"53":{"start":{"line":113,"column":4},"end":{"line":113,"column":19}},"54":{"start":{"line":118,"column":16},"end":{"line":118,"column":49}},"55":{"start":{"line":119,"column":16},"end":{"line":119,"column":49}},"56":{"start":{"line":120,"column":17},"end":{"line":120,"column":57}},"57":{"start":{"line":123,"column":4},"end":{"line":123,"column":33}},"58":{"start":{"line":124,"column":4},"end":{"line":124,"column":51}},"59":{"start":{"line":125,"column":4},"end":{"line":125,"column":59}},"60":{"start":{"line":126,"column":4},"end":{"line":126,"column":59}},"61":{"start":{"line":127,"column":4},"end":{"line":127,"column":59}},"62":{"start":{"line":128,"column":4},"end":{"line":128,"column":71}},"63":{"start":{"line":130,"column":21},"end":{"line":130,"column":57}},"64":{"start":{"line":131,"column":4},"end":{"line":131,"column":66}},"65":{"start":{"line":131,"column":18},"end":{"line":131,"column":66}},"66":{"start":{"line":133,"column":22},"end":{"line":133,"column":59}},"67":{"start":{"line":134,"column":4},"end":{"line":134,"column":85}},"68":{"start":{"line":134,"column":19},"end":{"line":134,"column":85}},"69":{"start":{"line":136,"column":4},"end":{"line":142,"column":5}},"70":{"start":{"line":137,"column":6},"end":{"line":137,"column":18}},"71":{"start":{"line":138,"column":6},"end":{"line":141,"column":9}},"72":{"start":{"line":139,"column":8},"end":{"line":139,"column":40}},"73":{"start":{"line":140,"column":8},"end":{"line":140,"column":101}},"74":{"start":{"line":140,"column":49},"end":{"line":140,"column":83}},"75":{"start":{"line":145,"column":2},"end":{"line":145,"column":66}},"76":{"start":{"line":145,"column":40},"end":{"line":145,"column":64}},"77":{"start":{"line":146,"column":2},"end":{"line":146,"column":66}},"78":{"start":{"line":146,"column":40},"end":{"line":146,"column":64}},"79":{"start":{"line":147,"column":2},"end":{"line":147,"column":38}},"80":{"start":{"line":151,"column":17},"end":{"line":151,"column":55}},"81":{"start":{"line":152,"column":19},"end":{"line":152,"column":55}},"82":{"start":{"line":153,"column":17},"end":{"line":153,"column":56}},"83":{"start":{"line":156,"column":4},"end":{"line":156,"column":29}},"84":{"start":{"line":157,"column":4},"end":{"line":157,"column":47}},"85":{"start":{"line":158,"column":4},"end":{"line":158,"column":63}},"86":{"start":{"line":159,"column":4},"end":{"line":159,"column":63}},"87":{"start":{"line":160,"column":4},"end":{"line":160,"column":60}},"88":{"start":{"line":162,"column":22},"end":{"line":162,"column":59}},"89":{"start":{"line":163,"column":4},"end":{"line":163,"column":117}},"90":{"start":{"line":163,"column":19},"end":{"line":163,"column":117}},"91":{"start":{"line":165,"column":4},"end":{"line":167,"column":5}},"92":{"start":{"line":166,"column":6},"end":{"line":166,"column":18}},"93":{"start":{"line":170,"column":2},"end":{"line":170,"column":70}},"94":{"start":{"line":170,"column":41},"end":{"line":170,"column":68}},"95":{"start":{"line":171,"column":2},"end":{"line":171,"column":70}},"96":{"start":{"line":171,"column":43},"end":{"line":171,"column":68}},"97":{"start":{"line":172,"column":2},"end":{"line":172,"column":34}},"98":{"start":{"line":176,"column":2},"end":{"line":176,"column":12}},"99":{"start":{"line":177,"column":2},"end":{"line":177,"column":14}},"100":{"start":{"line":178,"column":2},"end":{"line":178,"column":19}},"101":{"start":{"line":179,"column":2},"end":{"line":179,"column":19}},"102":{"start":{"line":180,"column":2},"end":{"line":180,"column":15}},"103":{"start":{"line":181,"column":2},"end":{"line":181,"column":17}},"104":{"start":{"line":182,"column":2},"end":{"line":182,"column":20}},"105":{"start":{"line":183,"column":2},"end":{"line":183,"column":14}},"106":{"start":{"line":184,"column":2},"end":{"line":184,"column":16}},"107":{"start":{"line":188,"column":14},"end":{"line":188,"column":49}},"108":{"start":{"line":189,"column":23},"end":{"line":189,"column":63}},"109":{"start":{"line":190,"column":19},"end":{"line":190,"column":55}},"110":{"start":{"line":192,"column":2},"end":{"line":192,"column":97}},"111":{"start":{"line":192,"column":42},"end":{"line":192,"column":95}},"112":{"start":{"line":194,"column":2},"end":{"line":197,"column":5}},"113":{"start":{"line":195,"column":19},"end":{"line":195,"column":52}},"114":{"start":{"line":196,"column":4},"end":{"line":196,"column":55}},"115":{"start":{"line":199,"column":2},"end":{"line":204,"column":5}},"116":{"start":{"line":200,"column":4},"end":{"line":203,"column":7}},"117":{"start":{"line":201,"column":6},"end":{"line":201,"column":40}},"118":{"start":{"line":202,"column":6},"end":{"line":202,"column":58}},"119":{"start":{"line":206,"column":19},"end":{"line":214,"column":24}},"120":{"start":{"line":207,"column":4},"end":{"line":213,"column":7}},"121":{"start":{"line":208,"column":6},"end":{"line":212,"column":7}},"122":{"start":{"line":209,"column":8},"end":{"line":211,"column":11}},"123":{"start":{"line":210,"column":10},"end":{"line":210,"column":95}},"124":{"start":{"line":215,"column":2},"end":{"line":215,"column":74}},"125":{"start":{"line":215,"column":53},"end":{"line":215,"column":72}},"126":{"start":{"line":219,"column":19},"end":{"line":219,"column":59}},"127":{"start":{"line":220,"column":19},"end":{"line":241,"column":24}},"128":{"start":{"line":221,"column":4},"end":{"line":240,"column":7}},"129":{"start":{"line":222,"column":6},"end":{"line":239,"column":7}},"130":{"start":{"line":223,"column":19},"end":{"line":223,"column":31}},"131":{"start":{"line":224,"column":28},"end":{"line":224,"column":58}},"132":{"start":{"line":225,"column":26},"end":{"line":225,"column":43}},"133":{"start":{"line":228,"column":27},"end":{"line":228,"column":72}},"134":{"start":{"line":229,"column":10},"end":{"line":229,"column":85}},"135":{"start":{"line":230,"column":10},"end":{"line":234,"column":11}},"136":{"start":{"line":231,"column":12},"end":{"line":231,"column":49}},"137":{"start":{"line":233,"column":12},"end":{"line":233,"column":41}},"138":{"start":{"line":237,"column":8},"end":{"line":237,"column":45}},"139":{"start":{"line":238,"column":8},"end":{"line":238,"column":31}},"140":{"start":{"line":242,"column":2},"end":{"line":242,"column":47}},"141":{"start":{"line":242,"column":25},"end":{"line":242,"column":45}},"142":{"start":{"line":246,"column":15},"end":{"line":246,"column":55}},"143":{"start":{"line":247,"column":2},"end":{"line":247,"column":22}},"144":{"start":{"line":248,"column":2},"end":{"line":266,"column":5}},"145":{"start":{"line":249,"column":17},"end":{"line":249,"column":46}},"146":{"start":{"line":250,"column":4},"end":{"line":250,"column":46}},"147":{"start":{"line":252,"column":21},"end":{"line":252,"column":51}},"148":{"start":{"line":253,"column":4},"end":{"line":253,"column":35}},"149":{"start":{"line":254,"column":4},"end":{"line":254,"column":41}},"150":{"start":{"line":256,"column":15},"end":{"line":256,"column":43}},"151":{"start":{"line":257,"column":4},"end":{"line":257,"column":36}},"152":{"start":{"line":259,"column":14},"end":{"line":259,"column":41}},"153":{"start":{"line":260,"column":4},"end":{"line":260,"column":34}},"154":{"start":{"line":262,"column":4},"end":{"line":262,"column":31}},"155":{"start":{"line":263,"column":4},"end":{"line":263,"column":25}},"156":{"start":{"line":264,"column":4},"end":{"line":264,"column":24}},"157":{"start":{"line":265,"column":4},"end":{"line":265,"column":27}},"158":{"start":{"line":270,"column":20},"end":{"line":270,"column":61}},"159":{"start":{"line":271,"column":2},"end":{"line":271,"column":27}},"160":{"start":{"line":272,"column":2},"end":{"line":288,"column":5}},"161":{"start":{"line":273,"column":17},"end":{"line":273,"column":46}},"162":{"start":{"line":274,"column":4},"end":{"line":274,"column":30}},"163":{"start":{"line":275,"column":4},"end":{"line":275,"column":22}},"164":{"start":{"line":277,"column":4},"end":{"line":280,"column":6}},"165":{"start":{"line":282,"column":4},"end":{"line":282,"column":64}},"166":{"start":{"line":282,"column":41},"end":{"line":282,"column":62}},"167":{"start":{"line":283,"column":4},"end":{"line":285,"column":7}},"168":{"start":{"line":284,"column":6},"end":{"line":284,"column":68}},"169":{"start":{"line":284,"column":46},"end":{"line":284,"column":68}},"170":{"start":{"line":287,"column":4},"end":{"line":287,"column":32}},"171":{"start":{"line":290,"column":2},"end":{"line":290,"column":82}},"172":{"start":{"line":290,"column":56},"end":{"line":290,"column":81}},"173":{"start":{"line":291,"column":2},"end":{"line":291,"column":82}},"174":{"start":{"line":291,"column":56},"end":{"line":291,"column":81}},"175":{"start":{"line":292,"column":2},"end":{"line":292,"column":20}},"176":{"start":{"line":296,"column":13},"end":{"line":296,"column":31}},"177":{"start":{"line":297,"column":2},"end":{"line":297,"column":46}},"178":{"start":{"line":297,"column":39},"end":{"line":297,"column":46}},"179":{"start":{"line":298,"column":2},"end":{"line":298,"column":16}},"180":{"start":{"line":300,"column":15},"end":{"line":300,"column":24}},"181":{"start":{"line":301,"column":2},"end":{"line":303,"column":5}},"182":{"start":{"line":302,"column":4},"end":{"line":302,"column":49}},"183":{"start":{"line":305,"column":2},"end":{"line":305,"column":100}},"184":{"start":{"line":306,"column":2},"end":{"line":306,"column":67}},"185":{"start":{"line":307,"column":2},"end":{"line":307,"column":65}},"186":{"start":{"line":308,"column":2},"end":{"line":308,"column":66}},"187":{"start":{"line":309,"column":2},"end":{"line":309,"column":64}},"188":{"start":{"line":311,"column":24},"end":{"line":311,"column":61}},"189":{"start":{"line":312,"column":2},"end":{"line":312,"column":31}},"190":{"start":{"line":313,"column":2},"end":{"line":317,"column":5}},"191":{"start":{"line":314,"column":16},"end":{"line":314,"column":46}},"192":{"start":{"line":315,"column":4},"end":{"line":315,"column":30}},"193":{"start":{"line":316,"column":4},"end":{"line":316,"column":35}},"194":{"start":{"line":320,"column":15},"end":{"line":320,"column":55}},"195":{"start":{"line":321,"column":2},"end":{"line":339,"column":3}},"196":{"start":{"line":322,"column":4},"end":{"line":322,"column":41}},"197":{"start":{"line":323,"column":4},"end":{"line":323,"column":32}},"198":{"start":{"line":324,"column":4},"end":{"line":324,"column":44}},"199":{"start":{"line":325,"column":4},"end":{"line":325,"column":36}},"200":{"start":{"line":326,"column":4},"end":{"line":326,"column":41}},"201":{"start":{"line":327,"column":4},"end":{"line":327,"column":38}},"202":{"start":{"line":328,"column":4},"end":{"line":328,"column":38}},"203":{"start":{"line":329,"column":4},"end":{"line":329,"column":29}},"204":{"start":{"line":330,"column":4},"end":{"line":330,"column":39}},"205":{"start":{"line":331,"column":4},"end":{"line":334,"column":6}},"206":{"start":{"line":335,"column":21},"end":{"line":335,"column":57}},"207":{"start":{"line":336,"column":4},"end":{"line":338,"column":5}},"208":{"start":{"line":337,"column":6},"end":{"line":337,"column":57}},"209":{"start":{"line":342,"column":18},"end":{"line":346,"column":3}},"210":{"start":{"line":347,"column":22},"end":{"line":347,"column":57}},"211":{"start":{"line":348,"column":16},"end":{"line":348,"column":50}},"212":{"start":{"line":350,"column":17},"end":{"line":350,"column":173}},"213":{"start":{"line":351,"column":2},"end":{"line":351,"column":23}},"214":{"start":{"line":353,"column":2},"end":{"line":353,"column":87}},"215":{"start":{"line":354,"column":2},"end":{"line":354,"column":63}},"216":{"start":{"line":355,"column":2},"end":{"line":355,"column":75}},"217":{"start":{"line":359,"column":20},"end":{"line":359,"column":62}},"218":{"start":{"line":360,"column":2},"end":{"line":360,"column":27}},"219":{"start":{"line":361,"column":2},"end":{"line":367,"column":5}},"220":{"start":{"line":362,"column":17},"end":{"line":362,"column":49}},"221":{"start":{"line":363,"column":4},"end":{"line":363,"column":71}},"222":{"start":{"line":364,"column":4},"end":{"line":364,"column":95}},"223":{"start":{"line":365,"column":4},"end":{"line":365,"column":62}},"224":{"start":{"line":365,"column":41},"end":{"line":365,"column":60}},"225":{"start":{"line":366,"column":4},"end":{"line":366,"column":32}},"226":{"start":{"line":369,"column":2},"end":{"line":369,"column":81}},"227":{"start":{"line":369,"column":55},"end":{"line":369,"column":80}},"228":{"start":{"line":370,"column":2},"end":{"line":370,"column":81}},"229":{"start":{"line":370,"column":55},"end":{"line":370,"column":80}},"230":{"start":{"line":371,"column":2},"end":{"line":371,"column":22}},"231":{"start":{"line":375,"column":15},"end":{"line":375,"column":35}},"232":{"start":{"line":376,"column":2},"end":{"line":376,"column":48}},"233":{"start":{"line":376,"column":41},"end":{"line":376,"column":48}},"234":{"start":{"line":377,"column":2},"end":{"line":377,"column":18}},"235":{"start":{"line":379,"column":2},"end":{"line":383,"column":5}},"236":{"start":{"line":380,"column":4},"end":{"line":380,"column":42}},"237":{"start":{"line":381,"column":4},"end":{"line":381,"column":44}},"238":{"start":{"line":381,"column":19},"end":{"line":381,"column":44}},"239":{"start":{"line":382,"column":4},"end":{"line":382,"column":48}},"240":{"start":{"line":382,"column":21},"end":{"line":382,"column":48}},"241":{"start":{"line":385,"column":2},"end":{"line":385,"column":62}},"242":{"start":{"line":386,"column":2},"end":{"line":386,"column":76}},"243":{"start":{"line":387,"column":2},"end":{"line":387,"column":102}},"244":{"start":{"line":388,"column":2},"end":{"line":388,"column":26}},"245":{"start":{"line":392,"column":19},"end":{"line":392,"column":46}},"246":{"start":{"line":393,"column":17},"end":{"line":393,"column":55}},"247":{"start":{"line":394,"column":2},"end":{"line":394,"column":27}},"248":{"start":{"line":396,"column":2},"end":{"line":400,"column":10}},"249":{"start":{"line":398,"column":4},"end":{"line":398,"column":122}},"250":{"start":{"line":399,"column":4},"end":{"line":399,"column":29}},"251":{"start":{"line":404,"column":24},"end":{"line":404,"column":62}},"252":{"start":{"line":405,"column":2},"end":{"line":405,"column":31}},"253":{"start":{"line":406,"column":2},"end":{"line":419,"column":5}},"254":{"start":{"line":407,"column":16},"end":{"line":407,"column":48}},"255":{"start":{"line":408,"column":4},"end":{"line":408,"column":62}},"256":{"start":{"line":409,"column":4},"end":{"line":409,"column":32}},"257":{"start":{"line":410,"column":4},"end":{"line":410,"column":53}},"258":{"start":{"line":411,"column":4},"end":{"line":417,"column":7}},"259":{"start":{"line":412,"column":6},"end":{"line":415,"column":9}},"260":{"start":{"line":413,"column":8},"end":{"line":413,"column":50}},"261":{"start":{"line":414,"column":8},"end":{"line":414,"column":53}},"262":{"start":{"line":416,"column":6},"end":{"line":416,"column":30}},"263":{"start":{"line":418,"column":4},"end":{"line":418,"column":35}},"264":{"start":{"line":420,"column":2},"end":{"line":420,"column":22}},"265":{"start":{"line":424,"column":16},"end":{"line":424,"column":41}},"266":{"start":{"line":425,"column":16},"end":{"line":425,"column":54}},"267":{"start":{"line":427,"column":18},"end":{"line":435,"column":13}},"268":{"start":{"line":427,"column":47},"end":{"line":435,"column":3}},"269":{"start":{"line":437,"column":2},"end":{"line":448,"column":4}},"270":{"start":{"line":452,"column":24},"end":{"line":452,"column":64}},"271":{"start":{"line":453,"column":2},"end":{"line":453,"column":31}},"272":{"start":{"line":455,"column":21},"end":{"line":455,"column":52}},"273":{"start":{"line":456,"column":21},"end":{"line":456,"column":73}},"274":{"start":{"line":458,"column":2},"end":{"line":487,"column":5}},"275":{"start":{"line":459,"column":16},"end":{"line":459,"column":48}},"276":{"start":{"line":460,"column":4},"end":{"line":460,"column":79}},"277":{"start":{"line":461,"column":4},"end":{"line":461,"column":30}},"278":{"start":{"line":462,"column":4},"end":{"line":462,"column":65}},"279":{"start":{"line":464,"column":4},"end":{"line":474,"column":6}},"280":{"start":{"line":476,"column":4},"end":{"line":484,"column":7}},"281":{"start":{"line":477,"column":6},"end":{"line":477,"column":38}},"282":{"start":{"line":478,"column":24},"end":{"line":478,"column":57}},"283":{"start":{"line":479,"column":6},"end":{"line":479,"column":50}},"284":{"start":{"line":481,"column":27},"end":{"line":481,"column":117}},"285":{"start":{"line":481,"column":87},"end":{"line":481,"column":116}},"286":{"start":{"line":482,"column":6},"end":{"line":482,"column":69}},"287":{"start":{"line":483,"column":6},"end":{"line":483,"column":27}},"288":{"start":{"line":486,"column":4},"end":{"line":486,"column":35}},"289":{"start":{"line":489,"column":2},"end":{"line":489,"column":23}},"290":{"start":{"line":493,"column":16},"end":{"line":493,"column":41}},"291":{"start":{"line":494,"column":20},"end":{"line":494,"column":72}},"292":{"start":{"line":495,"column":21},"end":{"line":495,"column":58}},"293":{"start":{"line":497,"column":24},"end":{"line":497,"column":40}},"294":{"start":{"line":498,"column":17},"end":{"line":498,"column":67}},"295":{"start":{"line":500,"column":19},"end":{"line":500,"column":55}},"296":{"start":{"line":501,"column":2},"end":{"line":501,"column":43}},"297":{"start":{"line":502,"column":2},"end":{"line":502,"column":108}},"298":{"start":{"line":504,"column":2},"end":{"line":504,"column":71}},"299":{"start":{"line":506,"column":19},"end":{"line":512,"column":3}},"300":{"start":{"line":514,"column":17},"end":{"line":514,"column":18}},"301":{"start":{"line":515,"column":2},"end":{"line":518,"column":40}},"302":{"start":{"line":515,"column":26},"end":{"line":515,"column":39}},"303":{"start":{"line":516,"column":7},"end":{"line":518,"column":40}},"304":{"start":{"line":516,"column":29},"end":{"line":516,"column":42}},"305":{"start":{"line":517,"column":7},"end":{"line":518,"column":40}},"306":{"start":{"line":517,"column":29},"end":{"line":517,"column":42}},"307":{"start":{"line":518,"column":7},"end":{"line":518,"column":40}},"308":{"start":{"line":518,"column":27},"end":{"line":518,"column":40}},"309":{"start":{"line":520,"column":2},"end":{"line":520,"column":76}},"310":{"start":{"line":527,"column":14},"end":{"line":527,"column":50}},"311":{"start":{"line":528,"column":16},"end":{"line":528,"column":56}},"312":{"start":{"line":529,"column":20},"end":{"line":529,"column":59}},"313":{"start":{"line":531,"column":2},"end":{"line":531,"column":43}},"314":{"start":{"line":531,"column":36},"end":{"line":531,"column":43}},"315":{"start":{"line":533,"column":2},"end":{"line":566,"column":5}},"316":{"start":{"line":534,"column":20},"end":{"line":534,"column":38}},"317":{"start":{"line":535,"column":4},"end":{"line":535,"column":25}},"318":{"start":{"line":535,"column":18},"end":{"line":535,"column":25}},"319":{"start":{"line":537,"column":4},"end":{"line":540,"column":5}},"320":{"start":{"line":538,"column":6},"end":{"line":538,"column":98}},"321":{"start":{"line":539,"column":6},"end":{"line":539,"column":13}},"322":{"start":{"line":542,"column":4},"end":{"line":542,"column":116}},"323":{"start":{"line":543,"column":4},"end":{"line":565,"column":5}},"324":{"start":{"line":544,"column":18},"end":{"line":544,"column":145}},"325":{"start":{"line":545,"column":18},"end":{"line":545,"column":34}},"326":{"start":{"line":546,"column":6},"end":{"line":546,"column":69}},"327":{"start":{"line":546,"column":19},"end":{"line":546,"column":69}},"328":{"start":{"line":547,"column":19},"end":{"line":547,"column":35}},"329":{"start":{"line":549,"column":6},"end":{"line":561,"column":7}},"330":{"start":{"line":550,"column":20},"end":{"line":550,"column":44}},"331":{"start":{"line":551,"column":22},"end":{"line":551,"column":109}},"332":{"start":{"line":552,"column":8},"end":{"line":558,"column":18}},"333":{"start":{"line":560,"column":8},"end":{"line":560,"column":111}},"334":{"start":{"line":563,"column":6},"end":{"line":563,"column":23}},"335":{"start":{"line":564,"column":6},"end":{"line":564,"column":93}},"336":{"start":{"line":568,"column":2},"end":{"line":570,"column":5}},"337":{"start":{"line":569,"column":4},"end":{"line":569,"column":39}},"338":{"start":{"line":569,"column":27},"end":{"line":569,"column":39}},"339":{"start":{"line":574,"column":21},"end":{"line":574,"column":56}},"340":{"start":{"line":575,"column":15},"end":{"line":575,"column":50}},"341":{"start":{"line":576,"column":2},"end":{"line":576,"column":28}},"342":{"start":{"line":577,"column":2},"end":{"line":577,"column":22}},"343":{"start":{"line":579,"column":19},"end":{"line":579,"column":74}},"344":{"start":{"line":581,"column":2},"end":{"line":594,"column":5}},"345":{"start":{"line":582,"column":16},"end":{"line":582,"column":48}},"346":{"start":{"line":583,"column":4},"end":{"line":583,"column":64}},"347":{"start":{"line":584,"column":4},"end":{"line":584,"column":65}},"348":{"start":{"line":586,"column":4},"end":{"line":592,"column":7}},"349":{"start":{"line":587,"column":6},"end":{"line":587,"column":86}},"350":{"start":{"line":587,"column":56},"end":{"line":587,"column":84}},"351":{"start":{"line":588,"column":6},"end":{"line":588,"column":34}},"352":{"start":{"line":589,"column":6},"end":{"line":591,"column":9}},"353":{"start":{"line":590,"column":8},"end":{"line":590,"column":87}},"354":{"start":{"line":593,"column":4},"end":{"line":593,"column":32}},"355":{"start":{"line":596,"column":2},"end":{"line":623,"column":5}},"356":{"start":{"line":597,"column":17},"end":{"line":597,"column":46}},"357":{"start":{"line":598,"column":4},"end":{"line":598,"column":32}},"358":{"start":{"line":599,"column":4},"end":{"line":599,"column":29}},"359":{"start":{"line":601,"column":23},"end":{"line":601,"column":39}},"360":{"start":{"line":602,"column":21},"end":{"line":602,"column":37}},"361":{"start":{"line":604,"column":4},"end":{"line":614,"column":6}},"362":{"start":{"line":616,"column":17},"end":{"line":616,"column":45}},"363":{"start":{"line":617,"column":4},"end":{"line":620,"column":7}},"364":{"start":{"line":618,"column":21},"end":{"line":618,"column":50}},"365":{"start":{"line":619,"column":6},"end":{"line":619,"column":49}},"366":{"start":{"line":622,"column":4},"end":{"line":622,"column":27}},"367":{"start":{"line":627,"column":20},"end":{"line":627,"column":58}},"368":{"start":{"line":628,"column":2},"end":{"line":628,"column":27}},"369":{"start":{"line":630,"column":2},"end":{"line":639,"column":5}},"370":{"start":{"line":631,"column":16},"end":{"line":631,"column":48}},"371":{"start":{"line":632,"column":4},"end":{"line":632,"column":27}},"372":{"start":{"line":633,"column":4},"end":{"line":633,"column":33}},"373":{"start":{"line":634,"column":4},"end":{"line":637,"column":7}},"374":{"start":{"line":635,"column":6},"end":{"line":635,"column":59}},"375":{"start":{"line":636,"column":6},"end":{"line":636,"column":29}},"376":{"start":{"line":638,"column":4},"end":{"line":638,"column":31}},"377":{"start":{"line":641,"column":2},"end":{"line":650,"column":3}},"378":{"start":{"line":642,"column":4},"end":{"line":642,"column":35}},"379":{"start":{"line":643,"column":18},"end":{"line":643,"column":55}},"380":{"start":{"line":644,"column":20},"end":{"line":644,"column":56}},"381":{"start":{"line":646,"column":4},"end":{"line":646,"column":60}},"382":{"start":{"line":647,"column":4},"end":{"line":649,"column":7}},"383":{"start":{"line":648,"column":6},"end":{"line":648,"column":52}},"384":{"start":{"line":648,"column":29},"end":{"line":648,"column":52}},"385":{"start":{"line":654,"column":16},"end":{"line":654,"column":53}},"386":{"start":{"line":655,"column":19},"end":{"line":655,"column":55}},"387":{"start":{"line":656,"column":15},"end":{"line":656,"column":33}},"388":{"start":{"line":658,"column":2},"end":{"line":658,"column":20}},"389":{"start":{"line":658,"column":13},"end":{"line":658,"column":20}},"390":{"start":{"line":661,"column":2},"end":{"line":661,"column":31}},"391":{"start":{"line":662,"column":2},"end":{"line":662,"column":19}},"392":{"start":{"line":665,"column":20},"end":{"line":665,"column":49}},"393":{"start":{"line":666,"column":2},"end":{"line":666,"column":47}},"394":{"start":{"line":667,"column":2},"end":{"line":676,"column":4}},"395":{"start":{"line":678,"column":2},"end":{"line":678,"column":34}},"396":{"start":{"line":679,"column":2},"end":{"line":679,"column":45}},"397":{"start":{"line":681,"column":17},"end":{"line":681,"column":58}},"398":{"start":{"line":682,"column":2},"end":{"line":682,"column":21}},"399":{"start":{"line":683,"column":2},"end":{"line":683,"column":32}},"400":{"start":{"line":687,"column":19},"end":{"line":687,"column":55}},"401":{"start":{"line":688,"column":17},"end":{"line":688,"column":46}},"402":{"start":{"line":689,"column":2},"end":{"line":689,"column":39}},"403":{"start":{"line":691,"column":19},"end":{"line":693,"column":17}},"404":{"start":{"line":696,"column":17},"end":{"line":696,"column":35}},"405":{"start":{"line":698,"column":2},"end":{"line":698,"column":94}},"406":{"start":{"line":700,"column":2},"end":{"line":703,"column":4}},"407":{"start":{"line":705,"column":2},"end":{"line":705,"column":31}},"408":{"start":{"line":706,"column":2},"end":{"line":706,"column":45}},"409":{"start":{"line":710,"column":19},"end":{"line":710,"column":177}},"410":{"start":{"line":711,"column":2},"end":{"line":711,"column":53}},"411":{"start":{"line":711,"column":25},"end":{"line":711,"column":51}},"412":{"start":{"line":713,"column":19},"end":{"line":720,"column":57}},"413":{"start":{"line":714,"column":4},"end":{"line":719,"column":7}},"414":{"start":{"line":715,"column":6},"end":{"line":718,"column":7}},"415":{"start":{"line":716,"column":8},"end":{"line":716,"column":46}},"416":{"start":{"line":717,"column":8},"end":{"line":717,"column":41}},"417":{"start":{"line":722,"column":2},"end":{"line":722,"column":47}},"418":{"start":{"line":722,"column":25},"end":{"line":722,"column":45}},"419":{"start":{"line":730,"column":0},"end":{"line":736,"column":1}},"420":{"start":{"line":731,"column":2},"end":{"line":735,"column":5}},"421":{"start":{"line":732,"column":4},"end":{"line":734,"column":7}},"422":{"start":{"line":733,"column":6},"end":{"line":733,"column":51}},"423":{"start":{"line":739,"column":0},"end":{"line":776,"column":1}},"424":{"start":{"line":740,"column":2},"end":{"line":775,"column":5}},"425":{"start":{"line":741,"column":19},"end":{"line":741,"column":54}},"426":{"start":{"line":742,"column":4},"end":{"line":742,"column":24}},"427":{"start":{"line":742,"column":17},"end":{"line":742,"column":24}},"428":{"start":{"line":744,"column":30},"end":{"line":744,"column":88}},"429":{"start":{"line":745,"column":24},"end":{"line":745,"column":47}},"430":{"start":{"line":746,"column":4},"end":{"line":746,"column":35}},"431":{"start":{"line":747,"column":4},"end":{"line":747,"column":39}},"432":{"start":{"line":749,"column":22},"end":{"line":749,"column":27}},"433":{"start":{"line":751,"column":4},"end":{"line":762,"column":7}},"434":{"start":{"line":752,"column":6},"end":{"line":755,"column":7}},"435":{"start":{"line":753,"column":8},"end":{"line":753,"column":27}},"436":{"start":{"line":754,"column":8},"end":{"line":754,"column":15}},"437":{"start":{"line":756,"column":6},"end":{"line":761,"column":20}},"438":{"start":{"line":757,"column":8},"end":{"line":757,"column":28}},"439":{"start":{"line":758,"column":8},"end":{"line":758,"column":27}},"440":{"start":{"line":759,"column":8},"end":{"line":759,"column":39}},"441":{"start":{"line":760,"column":8},"end":{"line":760,"column":75}},"442":{"start":{"line":764,"column":4},"end":{"line":768,"column":6}},"443":{"start":{"line":765,"column":25},"end":{"line":765,"column":55}},"444":{"start":{"line":766,"column":6},"end":{"line":766,"column":63}},"445":{"start":{"line":767,"column":6},"end":{"line":767,"column":29}},"446":{"start":{"line":770,"column":4},"end":{"line":774,"column":6}},"447":{"start":{"line":771,"column":6},"end":{"line":771,"column":26}},"448":{"start":{"line":772,"column":6},"end":{"line":772,"column":39}},"449":{"start":{"line":773,"column":6},"end":{"line":773,"column":83}},"450":{"start":{"line":779,"column":2},"end":{"line":785,"column":3}},"451":{"start":{"line":781,"column":22},"end":{"line":781,"column":125}},"452":{"start":{"line":782,"column":22},"end":{"line":782,"column":61}},"453":{"start":{"line":783,"column":4},"end":{"line":783,"column":26}},"454":{"start":{"line":784,"column":4},"end":{"line":784,"column":44}},"455":{"start":{"line":789,"column":31},"end":{"line":789,"column":45}},"456":{"start":{"line":790,"column":0},"end":{"line":795,"column":2}},"457":{"start":{"line":791,"column":2},"end":{"line":791,"column":37}},"458":{"start":{"line":792,"column":2},"end":{"line":794,"column":3}},"459":{"start":{"line":793,"column":4},"end":{"line":793,"column":22}},"460":{"start":{"line":799,"column":17},"end":{"line":799,"column":61}},"461":{"start":{"line":800,"column":2},"end":{"line":821,"column":3}},"462":{"start":{"line":800,"column":15},"end":{"line":800,"column":16}},"463":{"start":{"line":801,"column":17},"end":{"line":801,"column":46}},"464":{"start":{"line":802,"column":4},"end":{"line":802,"column":34}},"465":{"start":{"line":803,"column":4},"end":{"line":803,"column":49}},"466":{"start":{"line":804,"column":4},"end":{"line":804,"column":29}},"467":{"start":{"line":805,"column":4},"end":{"line":805,"column":29}},"468":{"start":{"line":806,"column":4},"end":{"line":806,"column":30}},"469":{"start":{"line":807,"column":4},"end":{"line":807,"column":83}},"470":{"start":{"line":808,"column":4},"end":{"line":808,"column":64}},"471":{"start":{"line":809,"column":4},"end":{"line":809,"column":33}},"472":{"start":{"line":810,"column":4},"end":{"line":810,"column":38}},"473":{"start":{"line":811,"column":4},"end":{"line":811,"column":36}},"474":{"start":{"line":813,"column":21},"end":{"line":813,"column":42}},"475":{"start":{"line":814,"column":4},"end":{"line":820,"column":38}},"476":{"start":{"line":820,"column":24},"end":{"line":820,"column":37}},"477":{"start":{"line":824,"column":35},"end":{"line":824,"column":53}},"478":{"start":{"line":825,"column":0},"end":{"line":831,"column":2}},"479":{"start":{"line":826,"column":2},"end":{"line":826,"column":31}},"480":{"start":{"line":827,"column":21},"end":{"line":827,"column":70}},"481":{"start":{"line":828,"column":2},"end":{"line":830,"column":3}},"482":{"start":{"line":829,"column":4},"end":{"line":829,"column":19}},"483":{"start":{"line":834,"column":0},"end":{"line":836,"column":1}},"484":{"start":{"line":835,"column":2},"end":{"line":835,"column":78}}},"fnMap":{"0":{"name":"getActiveData","decl":{"start":{"line":27,"column":9},"end":{"line":27,"column":22}},"loc":{"start":{"line":27,"column":25},"end":{"line":32,"column":1}},"line":27},"1":{"name":"sanitizeHTML","decl":{"start":{"line":40,"column":9},"end":{"line":40,"column":21}},"loc":{"start":{"line":40,"column":27},"end":{"line":51,"column":1}},"line":40},"2":{"name":"(anonymous_2)","decl":{"start":{"line":50,"column":26},"end":{"line":50,"column":27}},"loc":{"start":{"line":50,"column":37},"end":{"line":50,"column":47}},"line":50},"3":{"name":"getGeminiAns","decl":{"start":{"line":60,"column":15},"end":{"line":60,"column":27}},"loc":{"start":{"line":60,"column":47},"end":{"line":91,"column":1}},"line":60},"4":{"name":"getStaticAns","decl":{"start":{"line":93,"column":9},"end":{"line":93,"column":21}},"loc":{"start":{"line":93,"column":33},"end":{"line":103,"column":1}},"line":93},"5":{"name":"(anonymous_5)","decl":{"start":{"line":106,"column":48},"end":{"line":106,"column":49}},"loc":{"start":{"line":106,"column":54},"end":{"line":114,"column":3}},"line":106},"6":{"name":"initCountryToggle","decl":{"start":{"line":117,"column":9},"end":{"line":117,"column":26}},"loc":{"start":{"line":117,"column":29},"end":{"line":148,"column":1}},"line":117},"7":{"name":"applyCountry","decl":{"start":{"line":122,"column":11},"end":{"line":122,"column":23}},"loc":{"start":{"line":122,"column":46},"end":{"line":143,"column":3}},"line":122},"8":{"name":"(anonymous_8)","decl":{"start":{"line":138,"column":52},"end":{"line":138,"column":53}},"loc":{"start":{"line":138,"column":57},"end":{"line":141,"column":7}},"line":138},"9":{"name":"(anonymous_9)","decl":{"start":{"line":140,"column":43},"end":{"line":140,"column":44}},"loc":{"start":{"line":140,"column":49},"end":{"line":140,"column":83}},"line":140},"10":{"name":"(anonymous_10)","decl":{"start":{"line":145,"column":34},"end":{"line":145,"column":35}},"loc":{"start":{"line":145,"column":40},"end":{"line":145,"column":64}},"line":145},"11":{"name":"(anonymous_11)","decl":{"start":{"line":146,"column":34},"end":{"line":146,"column":35}},"loc":{"start":{"line":146,"column":40},"end":{"line":146,"column":64}},"line":146},"12":{"name":"initLevelToggle","decl":{"start":{"line":150,"column":9},"end":{"line":150,"column":24}},"loc":{"start":{"line":150,"column":27},"end":{"line":173,"column":1}},"line":150},"13":{"name":"applyLevel","decl":{"start":{"line":155,"column":11},"end":{"line":155,"column":21}},"loc":{"start":{"line":155,"column":42},"end":{"line":168,"column":3}},"line":155},"14":{"name":"(anonymous_14)","decl":{"start":{"line":170,"column":35},"end":{"line":170,"column":36}},"loc":{"start":{"line":170,"column":41},"end":{"line":170,"column":68}},"line":170},"15":{"name":"(anonymous_15)","decl":{"start":{"line":171,"column":37},"end":{"line":171,"column":38}},"loc":{"start":{"line":171,"column":43},"end":{"line":171,"column":68}},"line":171},"16":{"name":"renderAll","decl":{"start":{"line":175,"column":9},"end":{"line":175,"column":18}},"loc":{"start":{"line":175,"column":21},"end":{"line":185,"column":1}},"line":175},"17":{"name":"initNav","decl":{"start":{"line":187,"column":9},"end":{"line":187,"column":16}},"loc":{"start":{"line":187,"column":19},"end":{"line":216,"column":1}},"line":187},"18":{"name":"(anonymous_18)","decl":{"start":{"line":192,"column":36},"end":{"line":192,"column":37}},"loc":{"start":{"line":192,"column":42},"end":{"line":192,"column":95}},"line":192},"19":{"name":"(anonymous_19)","decl":{"start":{"line":194,"column":41},"end":{"line":194,"column":42}},"loc":{"start":{"line":194,"column":47},"end":{"line":197,"column":3}},"line":194},"20":{"name":"(anonymous_20)","decl":{"start":{"line":199,"column":49},"end":{"line":199,"column":50}},"loc":{"start":{"line":199,"column":57},"end":{"line":204,"column":3}},"line":199},"21":{"name":"(anonymous_21)","decl":{"start":{"line":200,"column":35},"end":{"line":200,"column":36}},"loc":{"start":{"line":200,"column":41},"end":{"line":203,"column":5}},"line":200},"22":{"name":"(anonymous_22)","decl":{"start":{"line":206,"column":44},"end":{"line":206,"column":45}},"loc":{"start":{"line":206,"column":55},"end":{"line":214,"column":3}},"line":206},"23":{"name":"(anonymous_23)","decl":{"start":{"line":207,"column":20},"end":{"line":207,"column":21}},"loc":{"start":{"line":207,"column":29},"end":{"line":213,"column":5}},"line":207},"24":{"name":"(anonymous_24)","decl":{"start":{"line":209,"column":55},"end":{"line":209,"column":56}},"loc":{"start":{"line":209,"column":63},"end":{"line":211,"column":9}},"line":209},"25":{"name":"(anonymous_25)","decl":{"start":{"line":215,"column":48},"end":{"line":215,"column":49}},"loc":{"start":{"line":215,"column":53},"end":{"line":215,"column":72}},"line":215},"26":{"name":"initCounters","decl":{"start":{"line":218,"column":9},"end":{"line":218,"column":21}},"loc":{"start":{"line":218,"column":24},"end":{"line":243,"column":1}},"line":218},"27":{"name":"(anonymous_27)","decl":{"start":{"line":220,"column":44},"end":{"line":220,"column":45}},"loc":{"start":{"line":220,"column":55},"end":{"line":241,"column":3}},"line":220},"28":{"name":"(anonymous_28)","decl":{"start":{"line":221,"column":20},"end":{"line":221,"column":21}},"loc":{"start":{"line":221,"column":29},"end":{"line":240,"column":5}},"line":221},"29":{"name":"updateCounter","decl":{"start":{"line":227,"column":17},"end":{"line":227,"column":30}},"loc":{"start":{"line":227,"column":44},"end":{"line":235,"column":9}},"line":227},"30":{"name":"(anonymous_30)","decl":{"start":{"line":242,"column":19},"end":{"line":242,"column":20}},"loc":{"start":{"line":242,"column":25},"end":{"line":242,"column":45}},"line":242},"31":{"name":"renderOverview","decl":{"start":{"line":245,"column":9},"end":{"line":245,"column":23}},"loc":{"start":{"line":245,"column":26},"end":{"line":267,"column":1}},"line":245},"32":{"name":"(anonymous_32)","decl":{"start":{"line":248,"column":29},"end":{"line":248,"column":30}},"loc":{"start":{"line":248,"column":43},"end":{"line":266,"column":3}},"line":248},"33":{"name":"renderTimeline","decl":{"start":{"line":269,"column":9},"end":{"line":269,"column":23}},"loc":{"start":{"line":269,"column":26},"end":{"line":293,"column":1}},"line":269},"34":{"name":"(anonymous_34)","decl":{"start":{"line":272,"column":29},"end":{"line":272,"column":30}},"loc":{"start":{"line":272,"column":51},"end":{"line":288,"column":3}},"line":272},"35":{"name":"(anonymous_35)","decl":{"start":{"line":282,"column":35},"end":{"line":282,"column":36}},"loc":{"start":{"line":282,"column":41},"end":{"line":282,"column":62}},"line":282},"36":{"name":"(anonymous_36)","decl":{"start":{"line":283,"column":37},"end":{"line":283,"column":38}},"loc":{"start":{"line":283,"column":44},"end":{"line":285,"column":5}},"line":283},"37":{"name":"(anonymous_37)","decl":{"start":{"line":290,"column":50},"end":{"line":290,"column":51}},"loc":{"start":{"line":290,"column":56},"end":{"line":290,"column":81}},"line":290},"38":{"name":"(anonymous_38)","decl":{"start":{"line":291,"column":50},"end":{"line":291,"column":51}},"loc":{"start":{"line":291,"column":56},"end":{"line":291,"column":81}},"line":291},"39":{"name":"selectTimeline","decl":{"start":{"line":295,"column":9},"end":{"line":295,"column":23}},"loc":{"start":{"line":295,"column":31},"end":{"line":356,"column":1}},"line":295},"40":{"name":"(anonymous_40)","decl":{"start":{"line":301,"column":47},"end":{"line":301,"column":48}},"loc":{"start":{"line":301,"column":60},"end":{"line":303,"column":3}},"line":301},"41":{"name":"(anonymous_41)","decl":{"start":{"line":313,"column":20},"end":{"line":313,"column":21}},"loc":{"start":{"line":313,"column":31},"end":{"line":317,"column":3}},"line":313},"42":{"name":"renderDemo","decl":{"start":{"line":358,"column":9},"end":{"line":358,"column":19}},"loc":{"start":{"line":358,"column":22},"end":{"line":372,"column":1}},"line":358},"43":{"name":"(anonymous_43)","decl":{"start":{"line":361,"column":31},"end":{"line":361,"column":32}},"loc":{"start":{"line":361,"column":48},"end":{"line":367,"column":3}},"line":361},"44":{"name":"(anonymous_44)","decl":{"start":{"line":365,"column":35},"end":{"line":365,"column":36}},"loc":{"start":{"line":365,"column":41},"end":{"line":365,"column":60}},"line":365},"45":{"name":"(anonymous_45)","decl":{"start":{"line":369,"column":49},"end":{"line":369,"column":50}},"loc":{"start":{"line":369,"column":55},"end":{"line":369,"column":80}},"line":369},"46":{"name":"(anonymous_46)","decl":{"start":{"line":370,"column":49},"end":{"line":370,"column":50}},"loc":{"start":{"line":370,"column":55},"end":{"line":370,"column":80}},"line":370},"47":{"name":"goToDemoStep","decl":{"start":{"line":374,"column":9},"end":{"line":374,"column":21}},"loc":{"start":{"line":374,"column":29},"end":{"line":389,"column":1}},"line":374},"48":{"name":"(anonymous_48)","decl":{"start":{"line":379,"column":55},"end":{"line":379,"column":56}},"loc":{"start":{"line":379,"column":66},"end":{"line":383,"column":3}},"line":379},"49":{"name":"renderDemoScreen","decl":{"start":{"line":391,"column":9},"end":{"line":391,"column":25}},"loc":{"start":{"line":391,"column":33},"end":{"line":401,"column":1}},"line":391},"50":{"name":"(anonymous_50)","decl":{"start":{"line":396,"column":13},"end":{"line":396,"column":14}},"loc":{"start":{"line":396,"column":19},"end":{"line":400,"column":3}},"line":396},"51":{"name":"renderPhases","decl":{"start":{"line":403,"column":9},"end":{"line":403,"column":21}},"loc":{"start":{"line":403,"column":24},"end":{"line":421,"column":1}},"line":403},"52":{"name":"(anonymous_52)","decl":{"start":{"line":406,"column":29},"end":{"line":406,"column":30}},"loc":{"start":{"line":406,"column":47},"end":{"line":419,"column":3}},"line":406},"53":{"name":"(anonymous_53)","decl":{"start":{"line":411,"column":34},"end":{"line":411,"column":35}},"loc":{"start":{"line":411,"column":40},"end":{"line":417,"column":5}},"line":411},"54":{"name":"(anonymous_54)","decl":{"start":{"line":412,"column":51},"end":{"line":412,"column":52}},"loc":{"start":{"line":412,"column":61},"end":{"line":415,"column":7}},"line":412},"55":{"name":"renderPhasePanel","decl":{"start":{"line":423,"column":9},"end":{"line":423,"column":25}},"loc":{"start":{"line":423,"column":33},"end":{"line":449,"column":1}},"line":423},"56":{"name":"(anonymous_56)","decl":{"start":{"line":427,"column":34},"end":{"line":427,"column":35}},"loc":{"start":{"line":427,"column":47},"end":{"line":435,"column":3}},"line":427},"57":{"name":"renderChecklist","decl":{"start":{"line":451,"column":9},"end":{"line":451,"column":24}},"loc":{"start":{"line":451,"column":27},"end":{"line":490,"column":1}},"line":451},"58":{"name":"(anonymous_58)","decl":{"start":{"line":458,"column":29},"end":{"line":458,"column":30}},"loc":{"start":{"line":458,"column":46},"end":{"line":487,"column":3}},"line":458},"59":{"name":"(anonymous_59)","decl":{"start":{"line":476,"column":34},"end":{"line":476,"column":35}},"loc":{"start":{"line":476,"column":40},"end":{"line":484,"column":5}},"line":476},"60":{"name":"(anonymous_60)","decl":{"start":{"line":481,"column":82},"end":{"line":481,"column":83}},"loc":{"start":{"line":481,"column":87},"end":{"line":481,"column":116}},"line":481},"61":{"name":"updateProgressRing","decl":{"start":{"line":492,"column":9},"end":{"line":492,"column":27}},"loc":{"start":{"line":492,"column":30},"end":{"line":521,"column":1}},"line":492},"62":{"name":"initCivicAPI","decl":{"start":{"line":526,"column":9},"end":{"line":526,"column":21}},"loc":{"start":{"line":526,"column":24},"end":{"line":571,"column":1}},"line":526},"63":{"name":"(anonymous_63)","decl":{"start":{"line":533,"column":32},"end":{"line":533,"column":33}},"loc":{"start":{"line":533,"column":44},"end":{"line":566,"column":3}},"line":533},"64":{"name":"(anonymous_64)","decl":{"start":{"line":568,"column":36},"end":{"line":568,"column":37}},"loc":{"start":{"line":568,"column":41},"end":{"line":570,"column":3}},"line":568},"65":{"name":"renderFAQ","decl":{"start":{"line":573,"column":9},"end":{"line":573,"column":18}},"loc":{"start":{"line":573,"column":21},"end":{"line":624,"column":1}},"line":573},"66":{"name":"(anonymous_66)","decl":{"start":{"line":581,"column":19},"end":{"line":581,"column":20}},"loc":{"start":{"line":581,"column":26},"end":{"line":594,"column":3}},"line":581},"67":{"name":"(anonymous_67)","decl":{"start":{"line":586,"column":34},"end":{"line":586,"column":35}},"loc":{"start":{"line":586,"column":40},"end":{"line":592,"column":5}},"line":586},"68":{"name":"(anonymous_68)","decl":{"start":{"line":587,"column":51},"end":{"line":587,"column":52}},"loc":{"start":{"line":587,"column":56},"end":{"line":587,"column":84}},"line":587},"69":{"name":"(anonymous_69)","decl":{"start":{"line":589,"column":53},"end":{"line":589,"column":54}},"loc":{"start":{"line":589,"column":61},"end":{"line":591,"column":7}},"line":589},"70":{"name":"(anonymous_70)","decl":{"start":{"line":596,"column":30},"end":{"line":596,"column":31}},"loc":{"start":{"line":596,"column":46},"end":{"line":623,"column":3}},"line":596},"71":{"name":"(anonymous_71)","decl":{"start":{"line":617,"column":35},"end":{"line":617,"column":36}},"loc":{"start":{"line":617,"column":41},"end":{"line":620,"column":5}},"line":617},"72":{"name":"renderChips","decl":{"start":{"line":626,"column":9},"end":{"line":626,"column":20}},"loc":{"start":{"line":626,"column":23},"end":{"line":651,"column":1}},"line":626},"73":{"name":"(anonymous_73)","decl":{"start":{"line":630,"column":32},"end":{"line":630,"column":33}},"loc":{"start":{"line":630,"column":40},"end":{"line":639,"column":3}},"line":630},"74":{"name":"(anonymous_74)","decl":{"start":{"line":634,"column":34},"end":{"line":634,"column":35}},"loc":{"start":{"line":634,"column":40},"end":{"line":637,"column":5}},"line":634},"75":{"name":"(anonymous_75)","decl":{"start":{"line":647,"column":38},"end":{"line":647,"column":39}},"loc":{"start":{"line":647,"column":43},"end":{"line":649,"column":5}},"line":647},"76":{"name":"handleChatSubmission","decl":{"start":{"line":653,"column":15},"end":{"line":653,"column":35}},"loc":{"start":{"line":653,"column":38},"end":{"line":684,"column":1}},"line":653},"77":{"name":"addChatMessage","decl":{"start":{"line":686,"column":9},"end":{"line":686,"column":23}},"loc":{"start":{"line":686,"column":36},"end":{"line":707,"column":1}},"line":686},"78":{"name":"initReveal","decl":{"start":{"line":709,"column":9},"end":{"line":709,"column":19}},"loc":{"start":{"line":709,"column":22},"end":{"line":723,"column":1}},"line":709},"79":{"name":"(anonymous_79)","decl":{"start":{"line":711,"column":19},"end":{"line":711,"column":20}},"loc":{"start":{"line":711,"column":25},"end":{"line":711,"column":51}},"line":711},"80":{"name":"(anonymous_80)","decl":{"start":{"line":713,"column":44},"end":{"line":713,"column":45}},"loc":{"start":{"line":713,"column":55},"end":{"line":720,"column":3}},"line":713},"81":{"name":"(anonymous_81)","decl":{"start":{"line":714,"column":20},"end":{"line":714,"column":21}},"loc":{"start":{"line":714,"column":29},"end":{"line":719,"column":5}},"line":714},"82":{"name":"(anonymous_82)","decl":{"start":{"line":722,"column":19},"end":{"line":722,"column":20}},"loc":{"start":{"line":722,"column":25},"end":{"line":722,"column":45}},"line":722},"83":{"name":"(anonymous_83)","decl":{"start":{"line":731,"column":34},"end":{"line":731,"column":35}},"loc":{"start":{"line":731,"column":40},"end":{"line":735,"column":3}},"line":731},"84":{"name":"(anonymous_84)","decl":{"start":{"line":732,"column":54},"end":{"line":732,"column":55}},"loc":{"start":{"line":732,"column":61},"end":{"line":734,"column":5}},"line":732},"85":{"name":"(anonymous_85)","decl":{"start":{"line":740,"column":48},"end":{"line":740,"column":49}},"loc":{"start":{"line":740,"column":54},"end":{"line":775,"column":3}},"line":740},"86":{"name":"(anonymous_86)","decl":{"start":{"line":751,"column":37},"end":{"line":751,"column":38}},"loc":{"start":{"line":751,"column":43},"end":{"line":762,"column":5}},"line":751},"87":{"name":"(anonymous_87)","decl":{"start":{"line":764,"column":27},"end":{"line":764,"column":28}},"loc":{"start":{"line":764,"column":38},"end":{"line":768,"column":5}},"line":764},"88":{"name":"(anonymous_88)","decl":{"start":{"line":770,"column":24},"end":{"line":770,"column":25}},"loc":{"start":{"line":770,"column":30},"end":{"line":774,"column":5}},"line":770},"89":{"name":"speakAnswer","decl":{"start":{"line":778,"column":9},"end":{"line":778,"column":20}},"loc":{"start":{"line":778,"column":27},"end":{"line":786,"column":1}},"line":778},"90":{"name":"(anonymous_90)","decl":{"start":{"line":790,"column":24},"end":{"line":790,"column":25}},"loc":{"start":{"line":790,"column":45},"end":{"line":795,"column":1}},"line":790},"91":{"name":"fireConfetti","decl":{"start":{"line":798,"column":9},"end":{"line":798,"column":21}},"loc":{"start":{"line":798,"column":24},"end":{"line":822,"column":1}},"line":798},"92":{"name":"(anonymous_92)","decl":{"start":{"line":820,"column":18},"end":{"line":820,"column":19}},"loc":{"start":{"line":820,"column":24},"end":{"line":820,"column":37}},"line":820},"93":{"name":"(anonymous_93)","decl":{"start":{"line":825,"column":28},"end":{"line":825,"column":29}},"loc":{"start":{"line":825,"column":39},"end":{"line":831,"column":1}},"line":825}},"branchMap":{"0":{"loc":{"start":{"line":17,"column":21},"end":{"line":17,"column":109}},"type":"cond-expr","locations":[{"start":{"line":17,"column":60},"end":{"line":17,"column":101}},{"start":{"line":17,"column":105},"end":{"line":17,"column":109}}],"line":17},"1":{"loc":{"start":{"line":17,"column":60},"end":{"line":17,"column":101}},"type":"binary-expr","locations":[{"start":{"line":17,"column":60},"end":{"line":17,"column":93}},{"start":{"line":17,"column":97},"end":{"line":17,"column":101}}],"line":17},"2":{"loc":{"start":{"line":18,"column":19},"end":{"line":18,"column":115}},"type":"cond-expr","locations":[{"start":{"line":18,"column":58},"end":{"line":18,"column":102}},{"start":{"line":18,"column":106},"end":{"line":18,"column":115}}],"line":18},"3":{"loc":{"start":{"line":18,"column":58},"end":{"line":18,"column":102}},"type":"binary-expr","locations":[{"start":{"line":18,"column":58},"end":{"line":18,"column":89}},{"start":{"line":18,"column":93},"end":{"line":18,"column":102}}],"line":18},"4":{"loc":{"start":{"line":28,"column":18},"end":{"line":28,"column":89}},"type":"cond-expr","locations":[{"start":{"line":28,"column":70},"end":{"line":28,"column":84}},{"start":{"line":28,"column":87},"end":{"line":28,"column":89}}],"line":28},"5":{"loc":{"start":{"line":28,"column":19},"end":{"line":28,"column":66}},"type":"binary-expr","locations":[{"start":{"line":28,"column":19},"end":{"line":28,"column":48}},{"start":{"line":28,"column":52},"end":{"line":28,"column":66}}],"line":28},"6":{"loc":{"start":{"line":29,"column":18},"end":{"line":29,"column":89}},"type":"cond-expr","locations":[{"start":{"line":29,"column":70},"end":{"line":29,"column":84}},{"start":{"line":29,"column":87},"end":{"line":29,"column":89}}],"line":29},"7":{"loc":{"start":{"line":29,"column":19},"end":{"line":29,"column":66}},"type":"binary-expr","locations":[{"start":{"line":29,"column":19},"end":{"line":29,"column":48}},{"start":{"line":29,"column":52},"end":{"line":29,"column":66}}],"line":29},"8":{"loc":{"start":{"line":61,"column":2},"end":{"line":61,"column":73}},"type":"if","locations":[{"start":{"line":61,"column":2},"end":{"line":61,"column":73}},{"start":{},"end":{}}],"line":61},"9":{"loc":{"start":{"line":61,"column":6},"end":{"line":61,"column":41}},"type":"binary-expr","locations":[{"start":{"line":61,"column":6},"end":{"line":61,"column":12}},{"start":{"line":61,"column":16},"end":{"line":61,"column":41}}],"line":61},"10":{"loc":{"start":{"line":63,"column":2},"end":{"line":65,"column":3}},"type":"if","locations":[{"start":{"line":63,"column":2},"end":{"line":65,"column":3}},{"start":{},"end":{}}],"line":63},"11":{"loc":{"start":{"line":63,"column":6},"end":{"line":63,"column":65}},"type":"binary-expr","locations":[{"start":{"line":63,"column":6},"end":{"line":63,"column":46}},{"start":{"line":63,"column":50},"end":{"line":63,"column":65}}],"line":63},"12":{"loc":{"start":{"line":69,"column":67},"end":{"line":69,"column":122}},"type":"cond-expr","locations":[{"start":{"line":69,"column":93},"end":{"line":69,"column":112}},{"start":{"line":69,"column":115},"end":{"line":69,"column":122}}],"line":69},"13":{"loc":{"start":{"line":83,"column":4},"end":{"line":83,"column":87}},"type":"if","locations":[{"start":{"line":83,"column":4},"end":{"line":83,"column":87}},{"start":{},"end":{}}],"line":83},"14":{"loc":{"start":{"line":86,"column":11},"end":{"line":86,"column":84}},"type":"binary-expr","locations":[{"start":{"line":86,"column":11},"end":{"line":86,"column":58}},{"start":{"line":86,"column":62},"end":{"line":86,"column":84}}],"line":86},"15":{"loc":{"start":{"line":95,"column":2},"end":{"line":95,"column":102}},"type":"if","locations":[{"start":{"line":95,"column":2},"end":{"line":95,"column":102}},{"start":{},"end":{}}],"line":95},"16":{"loc":{"start":{"line":96,"column":2},"end":{"line":96,"column":120}},"type":"if","locations":[{"start":{"line":96,"column":2},"end":{"line":96,"column":120}},{"start":{},"end":{}}],"line":96},"17":{"loc":{"start":{"line":97,"column":2},"end":{"line":97,"column":116}},"type":"if","locations":[{"start":{"line":97,"column":2},"end":{"line":97,"column":116}},{"start":{},"end":{}}],"line":97},"18":{"loc":{"start":{"line":98,"column":2},"end":{"line":98,"column":115}},"type":"if","locations":[{"start":{"line":98,"column":2},"end":{"line":98,"column":115}},{"start":{},"end":{}}],"line":98},"19":{"loc":{"start":{"line":99,"column":2},"end":{"line":99,"column":105}},"type":"if","locations":[{"start":{"line":99,"column":2},"end":{"line":99,"column":105}},{"start":{},"end":{}}],"line":99},"20":{"loc":{"start":{"line":100,"column":2},"end":{"line":100,"column":104}},"type":"if","locations":[{"start":{"line":100,"column":2},"end":{"line":100,"column":104}},{"start":{},"end":{}}],"line":100},"21":{"loc":{"start":{"line":101,"column":2},"end":{"line":101,"column":112}},"type":"if","locations":[{"start":{"line":101,"column":2},"end":{"line":101,"column":112}},{"start":{},"end":{}}],"line":101},"22":{"loc":{"start":{"line":105,"column":0},"end":{"line":115,"column":1}},"type":"if","locations":[{"start":{"line":105,"column":0},"end":{"line":115,"column":1}},{"start":{},"end":{}}],"line":105},"23":{"loc":{"start":{"line":131,"column":4},"end":{"line":131,"column":66}},"type":"if","locations":[{"start":{"line":131,"column":4},"end":{"line":131,"column":66}},{"start":{},"end":{}}],"line":131},"24":{"loc":{"start":{"line":134,"column":4},"end":{"line":134,"column":85}},"type":"if","locations":[{"start":{"line":134,"column":4},"end":{"line":134,"column":85}},{"start":{},"end":{}}],"line":134},"25":{"loc":{"start":{"line":134,"column":45},"end":{"line":134,"column":84}},"type":"cond-expr","locations":[{"start":{"line":134,"column":68},"end":{"line":134,"column":75}},{"start":{"line":134,"column":78},"end":{"line":134,"column":84}}],"line":134},"26":{"loc":{"start":{"line":136,"column":4},"end":{"line":142,"column":5}},"type":"if","locations":[{"start":{"line":136,"column":4},"end":{"line":142,"column":5}},{"start":{},"end":{}}],"line":136},"27":{"loc":{"start":{"line":163,"column":4},"end":{"line":163,"column":117}},"type":"if","locations":[{"start":{"line":163,"column":4},"end":{"line":163,"column":117}},{"start":{},"end":{}}],"line":163},"28":{"loc":{"start":{"line":163,"column":45},"end":{"line":163,"column":116}},"type":"cond-expr","locations":[{"start":{"line":163,"column":100},"end":{"line":163,"column":107}},{"start":{"line":163,"column":110},"end":{"line":163,"column":116}}],"line":163},"29":{"loc":{"start":{"line":163,"column":46},"end":{"line":163,"column":96}},"type":"binary-expr","locations":[{"start":{"line":163,"column":46},"end":{"line":163,"column":69}},{"start":{"line":163,"column":73},"end":{"line":163,"column":96}}],"line":163},"30":{"loc":{"start":{"line":165,"column":4},"end":{"line":167,"column":5}},"type":"if","locations":[{"start":{"line":165,"column":4},"end":{"line":167,"column":5}},{"start":{},"end":{}}],"line":165},"31":{"loc":{"start":{"line":208,"column":6},"end":{"line":212,"column":7}},"type":"if","locations":[{"start":{"line":208,"column":6},"end":{"line":212,"column":7}},{"start":{},"end":{}}],"line":208},"32":{"loc":{"start":{"line":222,"column":6},"end":{"line":239,"column":7}},"type":"if","locations":[{"start":{"line":222,"column":6},"end":{"line":239,"column":7}},{"start":{},"end":{}}],"line":222},"33":{"loc":{"start":{"line":230,"column":10},"end":{"line":234,"column":11}},"type":"if","locations":[{"start":{"line":230,"column":10},"end":{"line":234,"column":11}},{"start":{"line":232,"column":17},"end":{"line":234,"column":11}}],"line":230},"34":{"loc":{"start":{"line":284,"column":6},"end":{"line":284,"column":68}},"type":"if","locations":[{"start":{"line":284,"column":6},"end":{"line":284,"column":68}},{"start":{},"end":{}}],"line":284},"35":{"loc":{"start":{"line":284,"column":10},"end":{"line":284,"column":44}},"type":"binary-expr","locations":[{"start":{"line":284,"column":10},"end":{"line":284,"column":27}},{"start":{"line":284,"column":31},"end":{"line":284,"column":44}}],"line":284},"36":{"loc":{"start":{"line":297,"column":2},"end":{"line":297,"column":46}},"type":"if","locations":[{"start":{"line":297,"column":2},"end":{"line":297,"column":46}},{"start":{},"end":{}}],"line":297},"37":{"loc":{"start":{"line":297,"column":6},"end":{"line":297,"column":37}},"type":"binary-expr","locations":[{"start":{"line":297,"column":6},"end":{"line":297,"column":15}},{"start":{"line":297,"column":19},"end":{"line":297,"column":37}}],"line":297},"38":{"loc":{"start":{"line":321,"column":2},"end":{"line":339,"column":3}},"type":"if","locations":[{"start":{"line":321,"column":2},"end":{"line":339,"column":3}},{"start":{},"end":{}}],"line":321},"39":{"loc":{"start":{"line":336,"column":4},"end":{"line":338,"column":5}},"type":"if","locations":[{"start":{"line":336,"column":4},"end":{"line":338,"column":5}},{"start":{},"end":{}}],"line":336},"40":{"loc":{"start":{"line":336,"column":8},"end":{"line":336,"column":39}},"type":"binary-expr","locations":[{"start":{"line":336,"column":8},"end":{"line":336,"column":16}},{"start":{"line":336,"column":20},"end":{"line":336,"column":39}}],"line":336},"41":{"loc":{"start":{"line":348,"column":16},"end":{"line":348,"column":50}},"type":"binary-expr","locations":[{"start":{"line":348,"column":16},"end":{"line":348,"column":35}},{"start":{"line":348,"column":39},"end":{"line":348,"column":50}}],"line":348},"42":{"loc":{"start":{"line":363,"column":41},"end":{"line":363,"column":69}},"type":"cond-expr","locations":[{"start":{"line":363,"column":55},"end":{"line":363,"column":64}},{"start":{"line":363,"column":67},"end":{"line":363,"column":69}}],"line":363},"43":{"loc":{"start":{"line":376,"column":2},"end":{"line":376,"column":48}},"type":"if","locations":[{"start":{"line":376,"column":2},"end":{"line":376,"column":48}},{"start":{},"end":{}}],"line":376},"44":{"loc":{"start":{"line":376,"column":6},"end":{"line":376,"column":39}},"type":"binary-expr","locations":[{"start":{"line":376,"column":6},"end":{"line":376,"column":15}},{"start":{"line":376,"column":19},"end":{"line":376,"column":39}}],"line":376},"45":{"loc":{"start":{"line":381,"column":4},"end":{"line":381,"column":44}},"type":"if","locations":[{"start":{"line":381,"column":4},"end":{"line":381,"column":44}},{"start":{},"end":{}}],"line":381},"46":{"loc":{"start":{"line":382,"column":4},"end":{"line":382,"column":48}},"type":"if","locations":[{"start":{"line":382,"column":4},"end":{"line":382,"column":48}},{"start":{},"end":{}}],"line":382},"47":{"loc":{"start":{"line":408,"column":32},"end":{"line":408,"column":60}},"type":"cond-expr","locations":[{"start":{"line":408,"column":46},"end":{"line":408,"column":55}},{"start":{"line":408,"column":58},"end":{"line":408,"column":60}}],"line":408},"48":{"loc":{"start":{"line":456,"column":32},"end":{"line":456,"column":72}},"type":"binary-expr","locations":[{"start":{"line":456,"column":32},"end":{"line":456,"column":64}},{"start":{"line":456,"column":68},"end":{"line":456,"column":72}}],"line":456},"49":{"loc":{"start":{"line":460,"column":33},"end":{"line":460,"column":77}},"type":"cond-expr","locations":[{"start":{"line":460,"column":62},"end":{"line":460,"column":72}},{"start":{"line":460,"column":75},"end":{"line":460,"column":77}}],"line":460},"50":{"loc":{"start":{"line":502,"column":26},"end":{"line":502,"column":107}},"type":"cond-expr","locations":[{"start":{"line":502,"column":47},"end":{"line":502,"column":59}},{"start":{"line":502,"column":62},"end":{"line":502,"column":107}}],"line":502},"51":{"loc":{"start":{"line":502,"column":62},"end":{"line":502,"column":107}},"type":"cond-expr","locations":[{"start":{"line":502,"column":81},"end":{"line":502,"column":92}},{"start":{"line":502,"column":95},"end":{"line":502,"column":107}}],"line":502},"52":{"loc":{"start":{"line":515,"column":2},"end":{"line":518,"column":40}},"type":"if","locations":[{"start":{"line":515,"column":2},"end":{"line":518,"column":40}},{"start":{"line":516,"column":7},"end":{"line":518,"column":40}}],"line":515},"53":{"loc":{"start":{"line":516,"column":7},"end":{"line":518,"column":40}},"type":"if","locations":[{"start":{"line":516,"column":7},"end":{"line":518,"column":40}},{"start":{"line":517,"column":7},"end":{"line":518,"column":40}}],"line":516},"54":{"loc":{"start":{"line":517,"column":7},"end":{"line":518,"column":40}},"type":"if","locations":[{"start":{"line":517,"column":7},"end":{"line":518,"column":40}},{"start":{"line":518,"column":7},"end":{"line":518,"column":40}}],"line":517},"55":{"loc":{"start":{"line":518,"column":7},"end":{"line":518,"column":40}},"type":"if","locations":[{"start":{"line":518,"column":7},"end":{"line":518,"column":40}},{"start":{},"end":{}}],"line":518},"56":{"loc":{"start":{"line":531,"column":2},"end":{"line":531,"column":43}},"type":"if","locations":[{"start":{"line":531,"column":2},"end":{"line":531,"column":43}},{"start":{},"end":{}}],"line":531},"57":{"loc":{"start":{"line":531,"column":6},"end":{"line":531,"column":34}},"type":"binary-expr","locations":[{"start":{"line":531,"column":6},"end":{"line":531,"column":10}},{"start":{"line":531,"column":14},"end":{"line":531,"column":20}},{"start":{"line":531,"column":24},"end":{"line":531,"column":34}}],"line":531},"58":{"loc":{"start":{"line":535,"column":4},"end":{"line":535,"column":25}},"type":"if","locations":[{"start":{"line":535,"column":4},"end":{"line":535,"column":25}},{"start":{},"end":{}}],"line":535},"59":{"loc":{"start":{"line":537,"column":4},"end":{"line":540,"column":5}},"type":"if","locations":[{"start":{"line":537,"column":4},"end":{"line":540,"column":5}},{"start":{},"end":{}}],"line":537},"60":{"loc":{"start":{"line":537,"column":8},"end":{"line":537,"column":64}},"type":"binary-expr","locations":[{"start":{"line":537,"column":8},"end":{"line":537,"column":46}},{"start":{"line":537,"column":50},"end":{"line":537,"column":64}}],"line":537},"61":{"loc":{"start":{"line":546,"column":6},"end":{"line":546,"column":69}},"type":"if","locations":[{"start":{"line":546,"column":6},"end":{"line":546,"column":69}},{"start":{},"end":{}}],"line":546},"62":{"loc":{"start":{"line":549,"column":6},"end":{"line":561,"column":7}},"type":"if","locations":[{"start":{"line":549,"column":6},"end":{"line":561,"column":7}},{"start":{"line":559,"column":13},"end":{"line":561,"column":7}}],"line":549},"63":{"loc":{"start":{"line":549,"column":10},"end":{"line":549,"column":67}},"type":"binary-expr","locations":[{"start":{"line":549,"column":10},"end":{"line":549,"column":31}},{"start":{"line":549,"column":35},"end":{"line":549,"column":67}}],"line":549},"64":{"loc":{"start":{"line":551,"column":22},"end":{"line":551,"column":109}},"type":"cond-expr","locations":[{"start":{"line":551,"column":41},"end":{"line":551,"column":104}},{"start":{"line":551,"column":107},"end":{"line":551,"column":109}}],"line":551},"65":{"loc":{"start":{"line":554,"column":60},"end":{"line":554,"column":103}},"type":"binary-expr","locations":[{"start":{"line":554,"column":60},"end":{"line":554,"column":84}},{"start":{"line":554,"column":88},"end":{"line":554,"column":103}}],"line":554},"66":{"loc":{"start":{"line":569,"column":4},"end":{"line":569,"column":39}},"type":"if","locations":[{"start":{"line":569,"column":4},"end":{"line":569,"column":39}},{"start":{},"end":{}}],"line":569},"67":{"loc":{"start":{"line":583,"column":32},"end":{"line":583,"column":62}},"type":"cond-expr","locations":[{"start":{"line":583,"column":48},"end":{"line":583,"column":57}},{"start":{"line":583,"column":60},"end":{"line":583,"column":62}}],"line":583},"68":{"loc":{"start":{"line":590,"column":29},"end":{"line":590,"column":86}},"type":"cond-expr","locations":[{"start":{"line":590,"column":75},"end":{"line":590,"column":77}},{"start":{"line":590,"column":80},"end":{"line":590,"column":86}}],"line":590},"69":{"loc":{"start":{"line":590,"column":30},"end":{"line":590,"column":71}},"type":"binary-expr","locations":[{"start":{"line":590,"column":30},"end":{"line":590,"column":43}},{"start":{"line":590,"column":47},"end":{"line":590,"column":71}}],"line":590},"70":{"loc":{"start":{"line":641,"column":2},"end":{"line":650,"column":3}},"type":"if","locations":[{"start":{"line":641,"column":2},"end":{"line":650,"column":3}},{"start":{},"end":{}}],"line":641},"71":{"loc":{"start":{"line":648,"column":6},"end":{"line":648,"column":52}},"type":"if","locations":[{"start":{"line":648,"column":6},"end":{"line":648,"column":52}},{"start":{},"end":{}}],"line":648},"72":{"loc":{"start":{"line":658,"column":2},"end":{"line":658,"column":20}},"type":"if","locations":[{"start":{"line":658,"column":2},"end":{"line":658,"column":20}},{"start":{},"end":{}}],"line":658},"73":{"loc":{"start":{"line":691,"column":19},"end":{"line":693,"column":17}},"type":"cond-expr","locations":[{"start":{"line":692,"column":6},"end":{"line":692,"column":193}},{"start":{"line":693,"column":6},"end":{"line":693,"column":17}}],"line":691},"74":{"loc":{"start":{"line":701,"column":25},"end":{"line":701,"column":61}},"type":"cond-expr","locations":[{"start":{"line":701,"column":42},"end":{"line":701,"column":56}},{"start":{"line":701,"column":59},"end":{"line":701,"column":61}}],"line":701},"75":{"loc":{"start":{"line":715,"column":6},"end":{"line":718,"column":7}},"type":"if","locations":[{"start":{"line":715,"column":6},"end":{"line":718,"column":7}},{"start":{},"end":{}}],"line":715},"76":{"loc":{"start":{"line":730,"column":0},"end":{"line":736,"column":1}},"type":"if","locations":[{"start":{"line":730,"column":0},"end":{"line":736,"column":1}},{"start":{},"end":{}}],"line":730},"77":{"loc":{"start":{"line":739,"column":0},"end":{"line":776,"column":1}},"type":"if","locations":[{"start":{"line":739,"column":0},"end":{"line":776,"column":1}},{"start":{},"end":{}}],"line":739},"78":{"loc":{"start":{"line":739,"column":4},"end":{"line":739,"column":107}},"type":"binary-expr","locations":[{"start":{"line":739,"column":4},"end":{"line":739,"column":33}},{"start":{"line":739,"column":38},"end":{"line":739,"column":67}},{"start":{"line":739,"column":71},"end":{"line":739,"column":106}}],"line":739},"79":{"loc":{"start":{"line":742,"column":4},"end":{"line":742,"column":24}},"type":"if","locations":[{"start":{"line":742,"column":4},"end":{"line":742,"column":24}},{"start":{},"end":{}}],"line":742},"80":{"loc":{"start":{"line":744,"column":30},"end":{"line":744,"column":88}},"type":"binary-expr","locations":[{"start":{"line":744,"column":30},"end":{"line":744,"column":54}},{"start":{"line":744,"column":58},"end":{"line":744,"column":88}}],"line":744},"81":{"loc":{"start":{"line":752,"column":6},"end":{"line":755,"column":7}},"type":"if","locations":[{"start":{"line":752,"column":6},"end":{"line":755,"column":7}},{"start":{},"end":{}}],"line":752},"82":{"loc":{"start":{"line":779,"column":2},"end":{"line":785,"column":3}},"type":"if","locations":[{"start":{"line":779,"column":2},"end":{"line":785,"column":3}},{"start":{},"end":{}}],"line":779},"83":{"loc":{"start":{"line":779,"column":6},"end":{"line":779,"column":66}},"type":"binary-expr","locations":[{"start":{"line":779,"column":6},"end":{"line":779,"column":35}},{"start":{"line":779,"column":39},"end":{"line":779,"column":66}}],"line":779},"84":{"loc":{"start":{"line":792,"column":2},"end":{"line":794,"column":3}},"type":"if","locations":[{"start":{"line":792,"column":2},"end":{"line":794,"column":3}},{"start":{},"end":{}}],"line":792},"85":{"loc":{"start":{"line":808,"column":30},"end":{"line":808,"column":63}},"type":"cond-expr","locations":[{"start":{"line":808,"column":52},"end":{"line":808,"column":57}},{"start":{"line":808,"column":60},"end":{"line":808,"column":63}}],"line":808},"86":{"loc":{"start":{"line":828,"column":2},"end":{"line":830,"column":3}},"type":"if","locations":[{"start":{"line":828,"column":2},"end":{"line":830,"column":3}},{"start":{},"end":{}}],"line":828},"87":{"loc":{"start":{"line":834,"column":0},"end":{"line":836,"column":1}},"type":"if","locations":[{"start":{"line":834,"column":0},"end":{"line":836,"column":1}},{"start":{},"end":{}}],"line":834},"88":{"loc":{"start":{"line":834,"column":4},"end":{"line":834,"column":51}},"type":"binary-expr","locations":[{"start":{"line":834,"column":4},"end":{"line":834,"column":33}},{"start":{"line":834,"column":37},"end":{"line":834,"column":51}}],"line":834}},"s":{"0":5,"1":5,"2":5,"3":5,"4":5,"5":5,"6":5,"7":15,"8":15,"9":15,"10":15,"11":0,"12":0,"13":0,"14":0,"15":0,"16":0,"17":0,"18":0,"19":0,"20":0,"21":0,"22":0,"23":0,"24":0,"25":0,"26":0,"27":0,"28":0,"29":0,"30":0,"31":0,"32":0,"33":0,"34":0,"35":0,"36":0,"37":0,"38":0,"39":0,"40":0,"41":0,"42":0,"43":0,"44":0,"45":5,"46":5,"47":15,"48":15,"49":15,"50":15,"51":0,"52":0,"53":0,"54":15,"55":15,"56":15,"57":15,"58":15,"59":15,"60":15,"61":15,"62":15,"63":15,"64":15,"65":15,"66":15,"67":15,"68":15,"69":15,"70":0,"71":0,"72":0,"73":0,"74":0,"75":15,"76":0,"77":15,"78":0,"79":15,"80":15,"81":15,"82":15,"83":15,"84":15,"85":15,"86":15,"87":15,"88":15,"89":15,"90":15,"91":15,"92":0,"93":15,"94":0,"95":15,"96":0,"97":15,"98":0,"99":0,"100":0,"101":0,"102":0,"103":0,"104":0,"105":0,"106":0,"107":15,"108":15,"109":15,"110":15,"111":0,"112":15,"113":0,"114":0,"115":15,"116":105,"117":0,"118":0,"119":15,"120":120,"121":120,"122":120,"123":840,"124":15,"125":120,"126":15,"127":15,"128":15,"129":15,"130":15,"131":15,"132":15,"133":33358,"134":33358,"135":33343,"136":33343,"137":0,"138":15,"139":0,"140":15,"141":15,"142":0,"143":0,"144":0,"145":0,"146":0,"147":0,"148":0,"149":0,"150":0,"151":0,"152":0,"153":0,"154":0,"155":0,"156":0,"157":0,"158":0,"159":0,"160":0,"161":0,"162":0,"163":0,"164":0,"165":0,"166":0,"167":0,"168":0,"169":0,"170":0,"171":0,"172":0,"173":0,"174":0,"175":0,"176":0,"177":0,"178":0,"179":0,"180":0,"181":0,"182":0,"183":0,"184":0,"185":0,"186":0,"187":0,"188":0,"189":0,"190":0,"191":0,"192":0,"193":0,"194":0,"195":0,"196":0,"197":0,"198":0,"199":0,"200":0,"201":0,"202":0,"203":0,"204":0,"205":0,"206":0,"207":0,"208":0,"209":0,"210":0,"211":0,"212":0,"213":0,"214":0,"215":0,"216":0,"217":0,"218":0,"219":0,"220":0,"221":0,"222":0,"223":0,"224":0,"225":0,"226":0,"227":0,"228":0,"229":0,"230":0,"231":0,"232":0,"233":0,"234":0,"235":0,"236":0,"237":0,"238":0,"239":0,"240":0,"241":0,"242":0,"243":0,"244":0,"245":0,"246":0,"247":0,"248":0,"249":0,"250":0,"251":0,"252":0,"253":0,"254":0,"255":0,"256":0,"257":0,"258":0,"259":0,"260":0,"261":0,"262":0,"263":0,"264":0,"265":0,"266":0,"267":0,"268":0,"269":0,"270":0,"271":0,"272":0,"273":0,"274":0,"275":0,"276":0,"277":0,"278":0,"279":0,"280":0,"281":0,"282":0,"283":0,"284":0,"285":0,"286":0,"287":0,"288":0,"289":0,"290":0,"291":0,"292":0,"293":0,"294":0,"295":0,"296":0,"297":0,"298":0,"299":0,"300":0,"301":0,"302":0,"303":0,"304":0,"305":0,"306":0,"307":0,"308":0,"309":0,"310":0,"311":0,"312":0,"313":0,"314":0,"315":0,"316":0,"317":0,"318":0,"319":0,"320":0,"321":0,"322":0,"323":0,"324":0,"325":0,"326":0,"327":0,"328":0,"329":0,"330":0,"331":0,"332":0,"333":0,"334":0,"335":0,"336":0,"337":0,"338":0,"339":0,"340":0,"341":0,"342":0,"343":0,"344":0,"345":0,"346":0,"347":0,"348":0,"349":0,"350":0,"351":0,"352":0,"353":0,"354":0,"355":0,"356":0,"357":0,"358":0,"359":0,"360":0,"361":0,"362":0,"363":0,"364":0,"365":0,"366":0,"367":0,"368":0,"369":0,"370":0,"371":0,"372":0,"373":0,"374":0,"375":0,"376":0,"377":0,"378":0,"379":0,"380":0,"381":0,"382":0,"383":0,"384":0,"385":0,"386":0,"387":0,"388":0,"389":0,"390":0,"391":0,"392":0,"393":0,"394":0,"395":0,"396":0,"397":0,"398":0,"399":0,"400":0,"401":0,"402":0,"403":0,"404":0,"405":0,"406":0,"407":0,"408":0,"409":0,"410":0,"411":0,"412":0,"413":0,"414":0,"415":0,"416":0,"417":0,"418":0,"419":5,"420":5,"421":0,"422":0,"423":5,"424":5,"425":15,"426":15,"427":0,"428":15,"429":15,"430":15,"431":15,"432":15,"433":15,"434":0,"435":0,"436":0,"437":0,"438":0,"439":0,"440":0,"441":0,"442":15,"443":0,"444":0,"445":0,"446":15,"447":0,"448":0,"449":0,"450":0,"451":0,"452":0,"453":0,"454":0,"455":5,"456":5,"457":0,"458":0,"459":0,"460":0,"461":0,"462":0,"463":0,"464":0,"465":0,"466":0,"467":0,"468":0,"469":0,"470":0,"471":0,"472":0,"473":0,"474":0,"475":0,"476":0,"477":5,"478":5,"479":0,"480":0,"481":0,"482":0,"483":5,"484":5},"f":{"0":15,"1":0,"2":0,"3":0,"4":0,"5":15,"6":15,"7":15,"8":0,"9":0,"10":0,"11":0,"12":15,"13":15,"14":0,"15":0,"16":0,"17":15,"18":0,"19":0,"20":105,"21":0,"22":120,"23":120,"24":840,"25":120,"26":15,"27":15,"28":15,"29":33358,"30":15,"31":0,"32":0,"33":0,"34":0,"35":0,"36":0,"37":0,"38":0,"39":0,"40":0,"41":0,"42":0,"43":0,"44":0,"45":0,"46":0,"47":0,"48":0,"49":0,"50":0,"51":0,"52":0,"53":0,"54":0,"55":0,"56":0,"57":0,"58":0,"59":0,"60":0,"61":0,"62":0,"63":0,"64":0,"65":0,"66":0,"67":0,"68":0,"69":0,"70":0,"71":0,"72":0,"73":0,"74":0,"75":0,"76":0,"77":0,"78":0,"79":0,"80":0,"81":0,"82":0,"83":0,"84":0,"85":15,"86":0,"87":0,"88":0,"89":0,"90":0,"91":0,"92":0,"93":0},"b":{"0":[5,0],"1":[5,5],"2":[5,0],"3":[5,5],"4":[15,0],"5":[15,15],"6":[0,15],"7":[15,15],"8":[0,0],"9":[0,0],"10":[0,0],"11":[0,0],"12":[0,0],"13":[0,0],"14":[0,0],"15":[0,0],"16":[0,0],"17":[0,0],"18":[0,0],"19":[0,0],"20":[0,0],"21":[0,0],"22":[5,0],"23":[15,0],"24":[15,0],"25":[15,0],"26":[0,15],"27":[15,0],"28":[15,0],"29":[15,15],"30":[0,15],"31":[120,0],"32":[15,0],"33":[33343,0],"34":[0,0],"35":[0,0],"36":[0,0],"37":[0,0],"38":[0,0],"39":[0,0],"40":[0,0],"41":[0,0],"42":[0,0],"43":[0,0],"44":[0,0],"45":[0,0],"46":[0,0],"47":[0,0],"48":[0,0],"49":[0,0],"50":[0,0],"51":[0,0],"52":[0,0],"53":[0,0],"54":[0,0],"55":[0,0],"56":[0,0],"57":[0,0,0],"58":[0,0],"59":[0,0],"60":[0,0],"61":[0,0],"62":[0,0],"63":[0,0],"64":[0,0],"65":[0,0],"66":[0,0],"67":[0,0],"68":[0,0],"69":[0,0],"70":[0,0],"71":[0,0],"72":[0,0],"73":[0,0],"74":[0,0],"75":[0,0],"76":[5,0],"77":[5,0],"78":[5,5,0],"79":[0,15],"80":[15,0],"81":[0,0],"82":[0,0],"83":[0,0],"84":[0,0],"85":[0,0],"86":[0,0],"87":[5,0],"88":[5,5]},"_coverageSchema":"1a1c01bbd47fc00a2c39e90264f33305004495a9","hash":"a73682eb8a896dbd6ac92746dce1662eb754716d"}
}
