TN:
SF:script.js
FN:27,getActiveData
FN:40,sanitizeHTML
FN:50,(anonymous_2)
FN:60,getGeminiAns
FN:93,getStaticAns
FN:106,(anonymous_5)
FN:117,initCountryToggle
FN:122,applyCountry
FN:138,(anonymous_8)
FN:140,(anonymous_9)
FN:145,(anonymous_10)
FN:146,(anonymous_11)
FN:150,initLevelToggle
FN:155,applyLevel
FN:170,(anonymous_14)
FN:171,(anonymous_15)
FN:175,renderAll
FN:187,initNav
FN:192,(anonymous_18)
FN:194,(anonymous_19)
FN:199,(anonymous_20)
FN:200,(anonymous_21)
FN:206,(anonymous_22)
FN:207,(anonymous_23)
FN:209,(anonymous_24)
FN:215,(anonymous_25)
FN:218,initCounters
FN:220,(anonymous_27)
FN:221,(anonymous_28)
FN:227,updateCounter
FN:242,(anonymous_30)
FN:245,renderOverview
FN:248,(anonymous_32)
FN:269,renderTimeline
FN:272,(anonymous_34)
FN:282,(anonymous_35)
FN:283,(anonymous_36)
FN:290,(anonymous_37)
FN:291,(anonymous_38)
FN:295,selectTimeline
FN:301,(anonymous_40)
FN:313,(anonymous_41)
FN:358,renderDemo
FN:361,(anonymous_43)
FN:365,(anonymous_44)
FN:369,(anonymous_45)
FN:370,(anonymous_46)
FN:374,goToDemoStep
FN:379,(anonymous_48)
FN:391,renderDemoScreen
FN:396,(anonymous_50)
FN:403,renderPhases
FN:406,(anonymous_52)
FN:411,(anonymous_53)
FN:412,(anonymous_54)
FN:423,renderPhasePanel
FN:427,(anonymous_56)
FN:451,renderChecklist
FN:458,(anonymous_58)
FN:476,(anonymous_59)
FN:481,(anonymous_60)
FN:492,updateProgressRing
FN:526,initCivicAPI
FN:533,(anonymous_63)
FN:568,(anonymous_64)
FN:573,renderFAQ
FN:581,(anonymous_66)
FN:586,(anonymous_67)
FN:587,(anonymous_68)
FN:589,(anonymous_69)
FN:596,(anonymous_70)
FN:617,(anonymous_71)
FN:626,renderChips
FN:630,(anonymous_73)
FN:634,(anonymous_74)
FN:647,(anonymous_75)
FN:653,handleChatSubmission
FN:686,addChatMessage
FN:709,initReveal
FN:711,(anonymous_79)
FN:713,(anonymous_80)
FN:714,(anonymous_81)
FN:722,(anonymous_82)
FN:731,(anonymous_83)
FN:732,(anonymous_84)
FN:740,(anonymous_85)
FN:751,(anonymous_86)
FN:764,(anonymous_87)
FN:770,(anonymous_88)
FN:778,speakAnswer
FN:790,(anonymous_90)
FN:798,fireConfetti
FN:820,(anonymous_92)
FN:825,(anonymous_93)
FNF:94
FNH:18
FNDA:15,getActiveData
FNDA:0,sanitizeHTML
FNDA:0,(anonymous_2)
FNDA:0,getGeminiAns
FNDA:0,getStaticAns
FNDA:15,(anonymous_5)
FNDA:15,initCountryToggle
FNDA:15,applyCountry
FNDA:0,(anonymous_8)
FNDA:0,(anonymous_9)
FNDA:0,(anonymous_10)
FNDA:0,(anonymous_11)
FNDA:15,initLevelToggle
FNDA:15,applyLevel
FNDA:0,(anonymous_14)
FNDA:0,(anonymous_15)
FNDA:0,renderAll
FNDA:15,initNav
FNDA:0,(anonymous_18)
FNDA:0,(anonymous_19)
FNDA:105,(anonymous_20)
FNDA:0,(anonymous_21)
FNDA:120,(anonymous_22)
FNDA:120,(anonymous_23)
FNDA:840,(anonymous_24)
FNDA:120,(anonymous_25)
FNDA:15,initCounters
FNDA:15,(anonymous_27)
FNDA:15,(anonymous_28)
FNDA:33358,updateCounter
FNDA:15,(anonymous_30)
FNDA:0,renderOverview
FNDA:0,(anonymous_32)
FNDA:0,renderTimeline
FNDA:0,(anonymous_34)
FNDA:0,(anonymous_35)
FNDA:0,(anonymous_36)
FNDA:0,(anonymous_37)
FNDA:0,(anonymous_38)
FNDA:0,selectTimeline
FNDA:0,(anonymous_40)
FNDA:0,(anonymous_41)
FNDA:0,renderDemo
FNDA:0,(anonymous_43)
FNDA:0,(anonymous_44)
FNDA:0,(anonymous_45)
FNDA:0,(anonymous_46)
FNDA:0,goToDemoStep
FNDA:0,(anonymous_48)
FNDA:0,renderDemoScreen
FNDA:0,(anonymous_50)
FNDA:0,renderPhases
FNDA:0,(anonymous_52)
FNDA:0,(anonymous_53)
FNDA:0,(anonymous_54)
FNDA:0,renderPhasePanel
FNDA:0,(anonymous_56)
FNDA:0,renderChecklist
FNDA:0,(anonymous_58)
FNDA:0,(anonymous_59)
FNDA:0,(anonymous_60)
FNDA:0,updateProgressRing
FNDA:0,initCivicAPI
FNDA:0,(anonymous_63)
FNDA:0,(anonymous_64)
FNDA:0,renderFAQ
FNDA:0,(anonymous_66)
FNDA:0,(anonymous_67)
FNDA:0,(anonymous_68)
FNDA:0,(anonymous_69)
FNDA:0,(anonymous_70)
FNDA:0,(anonymous_71)
FNDA:0,renderChips
FNDA:0,(anonymous_73)
FNDA:0,(anonymous_74)
FNDA:0,(anonymous_75)
FNDA:0,handleChatSubmission
FNDA:0,addChatMessage
FNDA:0,initReveal
FNDA:0,(anonymous_79)
FNDA:0,(anonymous_80)
FNDA:0,(anonymous_81)
FNDA:0,(anonymous_82)
FNDA:0,(anonymous_83)
FNDA:0,(anonymous_84)
FNDA:15,(anonymous_85)
FNDA:0,(anonymous_86)
FNDA:0,(anonymous_87)
FNDA:0,(anonymous_88)
FNDA:0,speakAnswer
FNDA:0,(anonymous_90)
FNDA:0,fireConfetti
FNDA:0,(anonymous_92)
FNDA:0,(anonymous_93)
DA:10,5
DA:11,5
DA:17,5
DA:18,5
DA:19,5
DA:20,5
DA:21,5
DA:28,15
DA:29,15
DA:30,15
DA:31,15
DA:41,0
DA:49,0
DA:50,0
DA:61,0
DA:63,0
DA:64,0
DA:67,0
DA:69,0
DA:73,0
DA:74,0
DA:83,0
DA:85,0
DA:86,0
DA:88,0
DA:89,0
DA:94,0
DA:95,0
DA:96,0
DA:97,0
DA:98,0
DA:99,0
DA:100,0
DA:101,0
DA:102,0
DA:105,5
DA:106,5
DA:107,15
DA:108,15
DA:109,15
DA:110,15
DA:111,0
DA:112,0
DA:113,0
DA:118,15
DA:119,15
DA:120,15
DA:123,15
DA:124,15
DA:125,15
DA:126,15
DA:127,15
DA:128,15
DA:130,15
DA:131,15
DA:133,15
DA:134,15
DA:136,15
DA:137,0
DA:138,0
DA:139,0
DA:140,0
DA:145,15
DA:146,15
DA:147,15
DA:151,15
DA:152,15
DA:153,15
DA:156,15
DA:157,15
DA:158,15
DA:159,15
DA:160,15
DA:162,15
DA:163,15
DA:165,15
DA:166,0
DA:170,15
DA:171,15
DA:172,15
DA:176,0
DA:177,0
DA:178,0
DA:179,0
DA:180,0
DA:181,0
DA:182,0
DA:183,0
DA:184,0
DA:188,15
DA:189,15
DA:190,15
DA:192,15
DA:194,15
DA:195,0
DA:196,0
DA:199,15
DA:200,105
DA:201,0
DA:202,0
DA:206,15
DA:207,120
DA:208,120
DA:209,120
DA:210,840
DA:215,120
DA:219,15
DA:220,15
DA:221,15
DA:222,15
DA:223,15
DA:224,15
DA:225,15
DA:228,33358
DA:229,33358
DA:230,33343
DA:231,33343
DA:233,0
DA:237,15
DA:238,0
DA:242,15
DA:246,0
DA:247,0
DA:248,0
DA:249,0
DA:250,0
DA:252,0
DA:253,0
DA:254,0
DA:256,0
DA:257,0
DA:259,0
DA:260,0
DA:262,0
DA:263,0
DA:264,0
DA:265,0
DA:270,0
DA:271,0
DA:272,0
DA:273,0
DA:274,0
DA:275,0
DA:277,0
DA:282,0
DA:283,0
DA:284,0
DA:287,0
DA:290,0
DA:291,0
DA:292,0
DA:296,0
DA:297,0
DA:298,0
DA:300,0
DA:301,0
DA:302,0
DA:305,0
DA:306,0
DA:307,0
DA:308,0
DA:309,0
DA:311,0
DA:312,0
DA:313,0
DA:314,0
DA:315,0
DA:316,0
DA:320,0
DA:321,0
DA:322,0
DA:323,0
DA:324,0
DA:325,0
DA:326,0
DA:327,0
DA:328,0
DA:329,0
DA:330,0
DA:331,0
DA:335,0
DA:336,0
DA:337,0
DA:342,0
DA:347,0
DA:348,0
DA:350,0
DA:351,0
DA:353,0
DA:354,0
DA:355,0
DA:359,0
DA:360,0
DA:361,0
DA:362,0
DA:363,0
DA:364,0
DA:365,0
DA:366,0
DA:369,0
DA:370,0
DA:371,0
DA:375,0
DA:376,0
DA:377,0
DA:379,0
DA:380,0
DA:381,0
DA:382,0
DA:385,0
DA:386,0
DA:387,0
DA:388,0
DA:392,0
DA:393,0
DA:394,0
DA:396,0
DA:398,0
DA:399,0
DA:404,0
DA:405,0
DA:406,0
DA:407,0
DA:408,0
DA:409,0
DA:410,0
DA:411,0
DA:412,0
DA:413,0
DA:414,0
DA:416,0
DA:418,0
DA:420,0
DA:424,0
DA:425,0
DA:427,0
DA:437,0
DA:452,0
DA:453,0
DA:455,0
DA:456,0
DA:458,0
DA:459,0
DA:460,0
DA:461,0
DA:462,0
DA:464,0
DA:476,0
DA:477,0
DA:478,0
DA:479,0
DA:481,0
DA:482,0
DA:483,0
DA:486,0
DA:489,0
DA:493,0
DA:494,0
DA:495,0
DA:497,0
DA:498,0
DA:500,0
DA:501,0
DA:502,0
DA:504,0
DA:506,0
DA:514,0
DA:515,0
DA:516,0
DA:517,0
DA:518,0
DA:520,0
DA:527,0
DA:528,0
DA:529,0
DA:531,0
DA:533,0
DA:534,0
DA:535,0
DA:537,0
DA:538,0
DA:539,0
DA:542,0
DA:543,0
DA:544,0
DA:545,0
DA:546,0
DA:547,0
DA:549,0
DA:550,0
DA:551,0
DA:552,0
DA:560,0
DA:563,0
DA:564,0
DA:568,0
DA:569,0
DA:574,0
DA:575,0
DA:576,0
DA:577,0
DA:579,0
DA:581,0
DA:582,0
DA:583,0
DA:584,0
DA:586,0
DA:587,0
DA:588,0
DA:589,0
DA:590,0
DA:593,0
DA:596,0
DA:597,0
DA:598,0
DA:599,0
DA:601,0
DA:602,0
DA:604,0
DA:616,0
DA:617,0
DA:618,0
DA:619,0
DA:622,0
DA:627,0
DA:628,0
DA:630,0
DA:631,0
DA:632,0
DA:633,0
DA:634,0
DA:635,0
DA:636,0
DA:638,0
DA:641,0
DA:642,0
DA:643,0
DA:644,0
DA:646,0
DA:647,0
DA:648,0
DA:654,0
DA:655,0
DA:656,0
DA:658,0
DA:661,0
DA:662,0
DA:665,0
DA:666,0
DA:667,0
DA:678,0
DA:679,0
DA:681,0
DA:682,0
DA:683,0
DA:687,0
DA:688,0
DA:689,0
DA:691,0
DA:696,0
DA:698,0
DA:700,0
DA:705,0
DA:706,0
DA:710,0
DA:711,0
DA:713,0
DA:714,0
DA:715,0
DA:716,0
DA:717,0
DA:722,0
DA:730,5
DA:731,5
DA:732,0
DA:733,0
DA:739,5
DA:740,5
DA:741,15
DA:742,15
DA:744,15
DA:745,15
DA:746,15
DA:747,15
DA:749,15
DA:751,15
DA:752,0
DA:753,0
DA:754,0
DA:756,0
DA:757,0
DA:758,0
DA:759,0
DA:760,0
DA:764,15
DA:765,0
DA:766,0
DA:767,0
DA:770,15
DA:771,0
DA:772,0
DA:773,0
DA:779,0
DA:781,0
DA:782,0
DA:783,0
DA:784,0
DA:789,5
DA:790,5
DA:791,0
DA:792,0
DA:793,0
DA:799,0
DA:800,0
DA:801,0
DA:802,0
DA:803,0
DA:804,0
DA:805,0
DA:806,0
DA:807,0
DA:808,0
DA:809,0
DA:810,0
DA:811,0
DA:813,0
DA:814,0
DA:820,0
DA:824,5
DA:825,5
DA:826,0
DA:827,0
DA:828,0
DA:829,0
DA:834,5
DA:835,5
LF:436
LH:94
BRDA:17,0,0,5
BRDA:17,0,1,0
BRDA:17,1,0,5
BRDA:17,1,1,5
BRDA:18,2,0,5
BRDA:18,2,1,0
BRDA:18,3,0,5
BRDA:18,3,1,5
BRDA:28,4,0,15
BRDA:28,4,1,0
BRDA:28,5,0,15
BRDA:28,5,1,15
BRDA:29,6,0,0
BRDA:29,6,1,15
BRDA:29,7,0,15
BRDA:29,7,1,15
BRDA:61,8,0,0
BRDA:61,8,1,0
BRDA:61,9,0,0
BRDA:61,9,1,0
BRDA:63,10,0,0
BRDA:63,10,1,0
BRDA:63,11,0,0
BRDA:63,11,1,0
BRDA:69,12,0,0
BRDA:69,12,1,0
BRDA:83,13,0,0
BRDA:83,13,1,0
BRDA:86,14,0,0
BRDA:86,14,1,0
BRDA:95,15,0,0
BRDA:95,15,1,0
BRDA:96,16,0,0
BRDA:96,16,1,0
BRDA:97,17,0,0
BRDA:97,17,1,0
BRDA:98,18,0,0
BRDA:98,18,1,0
BRDA:99,19,0,0
BRDA:99,19,1,0
BRDA:100,20,0,0
BRDA:100,20,1,0
BRDA:101,21,0,0
BRDA:101,21,1,0
BRDA:105,22,0,5
BRDA:105,22,1,0
BRDA:131,23,0,15
BRDA:131,23,1,0
BRDA:134,24,0,15
BRDA:134,24,1,0
BRDA:134,25,0,15
BRDA:134,25,1,0
BRDA:136,26,0,0
BRDA:136,26,1,15
BRDA:163,27,0,15
BRDA:163,27,1,0
BRDA:163,28,0,15
BRDA:163,28,1,0
BRDA:163,29,0,15
BRDA:163,29,1,15
BRDA:165,30,0,0
BRDA:165,30,1,15
BRDA:208,31,0,120
BRDA:208,31,1,0
BRDA:222,32,0,15
BRDA:222,32,1,0
BRDA:230,33,0,33343
BRDA:230,33,1,0
BRDA:284,34,0,0
BRDA:284,34,1,0
BRDA:284,35,0,0
BRDA:284,35,1,0
BRDA:297,36,0,0
BRDA:297,36,1,0
BRDA:297,37,0,0
BRDA:297,37,1,0
BRDA:321,38,0,0
BRDA:321,38,1,0
BRDA:336,39,0,0
BRDA:336,39,1,0
BRDA:336,40,0,0
BRDA:336,40,1,0
BRDA:348,41,0,0
BRDA:348,41,1,0
BRDA:363,42,0,0
BRDA:363,42,1,0
BRDA:376,43,0,0
BRDA:376,43,1,0
BRDA:376,44,0,0
BRDA:376,44,1,0
BRDA:381,45,0,0
BRDA:381,45,1,0
BRDA:382,46,0,0
BRDA:382,46,1,0
BRDA:408,47,0,0
BRDA:408,47,1,0
BRDA:456,48,0,0
BRDA:456,48,1,0
BRDA:460,49,0,0
BRDA:460,49,1,0
BRDA:502,50,0,0
BRDA:502,50,1,0
BRDA:502,51,0,0
BRDA:502,51,1,0
BRDA:515,52,0,0
BRDA:515,52,1,0
BRDA:516,53,0,0
BRDA:516,53,1,0
BRDA:517,54,0,0
BRDA:517,54,1,0
BRDA:518,55,0,0
BRDA:518,55,1,0
BRDA:531,56,0,0
BRDA:531,56,1,0
BRDA:531,57,0,0
BRDA:531,57,1,0
BRDA:531,57,2,0
BRDA:535,58,0,0
BRDA:535,58,1,0
BRDA:537,59,0,0
BRDA:537,59,1,0
BRDA:537,60,0,0
BRDA:537,60,1,0
BRDA:546,61,0,0
BRDA:546,61,1,0
BRDA:549,62,0,0
BRDA:549,62,1,0
BRDA:549,63,0,0
BRDA:549,63,1,0
BRDA:551,64,0,0
BRDA:551,64,1,0
BRDA:554,65,0,0
BRDA:554,65,1,0
BRDA:569,66,0,0
BRDA:569,66,1,0
BRDA:583,67,0,0
BRDA:583,67,1,0
BRDA:590,68,0,0
BRDA:590,68,1,0
BRDA:590,69,0,0
BRDA:590,69,1,0
BRDA:641,70,0,0
BRDA:641,70,1,0
BRDA:648,71,0,0
BRDA:648,71,1,0
BRDA:658,72,0,0
BRDA:658,72,1,0
BRDA:691,73,0,0
BRDA:691,73,1,0
BRDA:701,74,0,0
BRDA:701,74,1,0
BRDA:715,75,0,0
BRDA:715,75,1,0
BRDA:730,76,0,5
BRDA:730,76,1,0
BRDA:739,77,0,5
BRDA:739,77,1,0
BRDA:739,78,0,5
BRDA:739,78,1,5
BRDA:739,78,2,0
BRDA:742,79,0,0
BRDA:742,79,1,15
BRDA:744,80,0,15
BRDA:744,80,1,0
BRDA:752,81,0,0
BRDA:752,81,1,0
BRDA:779,82,0,0
BRDA:779,82,1,0
BRDA:779,83,0,0
BRDA:779,83,1,0
BRDA:792,84,0,0
BRDA:792,84,1,0
BRDA:808,85,0,0
BRDA:808,85,1,0
BRDA:828,86,0,0
BRDA:828,86,1,0
BRDA:834,87,0,5
BRDA:834,87,1,0
BRDA:834,88,0,5
BRDA:834,88,1,5
BRF:180
BRH:34
end_of_record
